  Time (min)    V neg      V pos       Cur (A/m2)    Temp (C)   Heat Gen (W/m3)
***********    0.178978    4.241652      0.0000     24.850000   0.0000000E+00
   0.000333    0.178978    4.241652      0.0000     24.850000   0.0000000E+00
   0.000667    0.178978    4.241652      0.0000     24.850000   0.0000000E+00
   0.001033    0.178978    4.241652      0.0000     24.850000   0.0000000E+00
   0.001437    0.178978    4.241652      0.0000     24.850000   0.0000000E+00
   0.001880    0.178978    4.241652      0.0000     24.850000   0.0000000E+00
   0.002368    0.178978    4.241652      0.0000     24.850000   0.0000000E+00
   0.002905    0.178978    4.241652      0.0000     24.850000   0.0000000E+00
   0.003496    0.178978    4.241652      0.0000     24.850000   0.0000000E+00
   0.004145    0.178978    4.241652      0.0000     24.850000   0.0000000E+00
   0.004860    0.178978    4.241652      0.0000     24.850000   0.0000000E+00
   0.005646    0.178978    4.241652      0.0000     24.850000   0.0000000E+00
   0.006510    0.178978    4.241652      0.0000     24.850000   0.0000000E+00
   0.007461    0.178978    4.241652      0.0000     24.850000   0.0000000E+00
   0.008508    0.178978    4.241652      0.0000     24.850000   0.0000000E+00
   0.009658    0.178978    4.241652      0.0000     24.850000   0.0000000E+00
   0.010924    0.178978    4.241652      0.0000     24.850000   0.0000000E+00
   0.012317    0.178978    4.241652      0.0000     24.850000   0.0000000E+00
   0.013848    0.178978    4.241652      0.0000     24.850000   0.0000000E+00
   0.015533    0.178978    4.241652      0.0000     24.850000   0.0000000E+00
   0.017386    0.178978    4.241652      0.0000     24.850000   0.0000000E+00
   0.019425    0.178978    4.241652      0.0000     24.850000   0.0000000E+00
   0.021667    0.178978    4.241652      0.0000     24.850000   0.0000000E+00
   0.024134    0.178978    4.241652      0.0000     24.850000   0.0000000E+00
   0.026848    0.178978    4.241652      0.0000     24.850000   0.0000000E+00
   0.029832    0.178978    4.241652      0.0000     24.850000   0.0000000E+00
   0.033116    0.178978    4.241652      0.0000     24.850000   0.0000000E+00
   0.036727    0.178978    4.241652      0.0000     24.850000   0.0000000E+00
   0.040700    0.178978    4.241652      0.0000     24.850000   0.0000000E+00
   0.045070    0.178978    4.241652      0.0000     24.850000   0.0000000E+00
   0.049877    0.178978    4.241652      0.0000     24.850000   0.0000000E+00
   0.055165    0.178978    4.241652      0.0000     24.850000   0.0000000E+00
   0.060981    0.178978    4.241652      0.0000     24.850000   0.0000000E+00
   0.067379    0.178978    4.241652      0.0000     24.850000   0.0000000E+00
   0.074417    0.178978    4.241652      0.0000     24.850000   0.0000000E+00
   0.082159    0.178978    4.241652      0.0000     24.850000   0.0000000E+00
   0.090675    0.178978    4.241652      0.0000     24.850000   0.0000000E+00
   0.100042    0.178978    4.241652      0.0000     24.850000   0.0000000E+00
   0.110346    0.178978    4.241652      0.0000     24.850000   0.0000000E+00
   0.121681    0.178978    4.241652      0.0000     24.850000   0.0000000E+00
   0.134149    0.178978    4.241652      0.0000     24.850000   0.0000000E+00
   0.147864    0.178978    4.241652      0.0000     24.850000   0.0000000E+00
   0.162951    0.178978    4.241652      0.0000     24.850000   0.0000000E+00
   0.179546    0.178978    4.241652      0.0000     24.850000   0.0000000E+00
   0.197800    0.178978    4.241652      0.0000     24.850000   0.0000000E+00
   0.217880    0.178978    4.241652      0.0000     24.850000   0.0000000E+00
   0.239968    0.178978    4.241652      0.0000     24.850000   0.0000000E+00
   0.264265    0.178978    4.241652      0.0000     24.850000   0.0000000E+00
   0.290992    0.178978    4.241652      0.0000     24.850000   0.0000000E+00
   0.320391    0.178978    4.241652      0.0000     24.850000   0.0000000E+00
   0.352730    0.178978    4.241652      0.0000     24.850000   0.0000000E+00
   0.388303    0.178978    4.241652      0.0000     24.850000   0.0000000E+00
   0.427433    0.178978    4.241652      0.0000     24.850000   0.0000000E+00
   0.470476    0.178978    4.241652      0.0000     24.850000   0.0000000E+00
   0.517824    0.178978    4.241652      0.0000     24.850000   0.0000000E+00
   0.569906    0.178978    4.241652      0.0000     24.850000   0.0000000E+00
   0.627197    0.178978    4.241652      0.0000     24.850000   0.0000000E+00
   0.690217    0.178978    4.241652      0.0000     24.850000   0.0000000E+00
   0.759539    0.178978    4.241652      0.0000     24.850000   0.0000000E+00
   0.835792    0.178978    4.241652      0.0000     24.850000   0.0000000E+00
   0.919672    0.178978    4.241652      0.0000     24.850000   0.0000000E+00
   1.011939    0.178978    4.241652      0.0000     24.850000   0.0000000E+00
   1.113433    0.178978    4.241652      0.0000     24.850000   0.0000000E+00
   1.225076    0.178978    4.241652      0.0000     24.850000   0.0000000E+00
   1.347884    0.178978    4.241652      0.0000     24.850000   0.0000000E+00
   1.482972    0.178978    4.241652      0.0000     24.850000   0.0000000E+00
   1.631569    0.178978    4.241652      0.0000     24.850000   0.0000000E+00
   1.795026    0.178978    4.241652      0.0000     24.850000   0.0000000E+00
   1.974829    0.178978    4.241652      0.0000     24.850000   0.0000000E+00
   2.172611    0.178978    4.241652      0.0000     24.850000   0.0000000E+00
   2.390173    0.178978    4.241652      0.0000     24.850000   0.0000000E+00
   2.629490    0.178978    4.241652      0.0000     24.850000   0.0000000E+00
   2.892739    0.178978    4.241652      0.0000     24.850000   0.0000000E+00
   3.182313    0.178978    4.241652      0.0000     24.850000   0.0000000E+00
   3.500844    0.178978    4.241652      0.0000     24.850000   0.0000000E+00
   3.851228    0.178978    4.241652      0.0000     24.850000   0.0000000E+00
   4.236651    0.178978    4.241652      0.0000     24.850000   0.0000000E+00
   4.660616    0.178978    4.241652      0.0000     24.850000   0.0000000E+00
   5.000000    0.178978    4.241652      0.0000     24.850000   0.0000000E+00
   5.000000    0.178978    4.241652      0.0000     24.850000  -1.4955590E-53
   5.000000    0.178978    4.241652      0.0000     24.850000  -8.3462602E-54
   5.000333    0.178978    4.241652      0.0000     24.850000   0.0000000E+00
   5.000700    0.178978    4.241652      0.0000     24.850000   0.0000000E+00
   5.001103    0.178978    4.241652      0.0000     24.850000   0.0000000E+00
   5.001547    0.178978    4.241652      0.0000     24.850000   0.0000000E+00
   5.002035    0.178978    4.241652      0.0000     24.850000   0.0000000E+00
   5.002572    0.178978    4.241652      0.0000     24.850000   0.0000000E+00
   5.003162    0.178978    4.241652      0.0000     24.850000   0.0000000E+00
   5.003812    0.178978    4.241652      0.0000     24.850000   0.0000000E+00
   5.004526    0.178978    4.241652      0.0000     24.850000   0.0000000E+00
   5.005312    0.178978    4.241652      0.0000     24.850000   0.0000000E+00
   5.006177    0.178978    4.241652      0.0000     24.850000   0.0000000E+00
   5.007128    0.178978    4.241652      0.0000     24.850000   0.0000000E+00
   5.008174    0.178978    4.241652      0.0000     24.850000   0.0000000E+00
   5.009325    0.178978    4.241652      0.0000     24.850000   0.0000000E+00
   5.010591    0.178978    4.241652      0.0000     24.850000   0.0000000E+00
   5.011983    0.178978    4.241652      0.0000     24.850000   0.0000000E+00
   5.013515    0.178978    4.241652      0.0000     24.850000   0.0000000E+00
   5.015200    0.178978    4.241652      0.0000     24.850000   0.0000000E+00
   5.017053    0.178978    4.241652      0.0000     24.850000   0.0000000E+00
   5.019092    0.178978    4.241652      0.0000     24.850000   0.0000000E+00
   5.021334    0.178978    4.241652      0.0000     24.850000   0.0000000E+00
   5.023801    0.178978    4.241652      0.0000     24.850000   0.0000000E+00
   5.026514    0.178978    4.241652      0.0000     24.850000   0.0000000E+00
   5.029499    0.178978    4.241652      0.0000     24.850000   0.0000000E+00
   5.032782    0.178978    4.241652      0.0000     24.850000   0.0000000E+00
   5.036394    0.178978    4.241652      0.0000     24.850000   0.0000000E+00
   5.040367    0.178978    4.241652      0.0000     24.850000   0.0000000E+00
   5.044737    0.178978    4.241652      0.0000     24.850000   0.0000000E+00
   5.049544    0.178978    4.241652      0.0000     24.850000   0.0000000E+00
   5.054831    0.178978    4.241652      0.0000     24.850000   0.0000000E+00
   5.060648    0.178978    4.241652      0.0000     24.850000   0.0000000E+00
   5.067046    0.178978    4.241652      0.0000     24.850000   0.0000000E+00
   5.074084    0.178978    4.241652      0.0000     24.850000   0.0000000E+00
   5.081826    0.178978    4.241652      0.0000     24.850000   0.0000000E+00
   5.090341    0.178978    4.241652      0.0000     24.850000   0.0000000E+00
   5.099709    0.178978    4.241652      0.0000     24.850000   0.0000000E+00
   5.110013    0.178978    4.241652      0.0000     24.850000   0.0000000E+00
   5.121348    0.178978    4.241652      0.0000     24.850000   0.0000000E+00
   5.133816    0.178978    4.241652      0.0000     24.850000   0.0000000E+00
   5.147531    0.178978    4.241652      0.0000     24.850000   0.0000000E+00
   5.162617    0.178978    4.241652      0.0000     24.850000   0.0000000E+00
   5.179212    0.178978    4.241652      0.0000     24.850000   0.0000000E+00
   5.197467    0.178978    4.241652      0.0000     24.850000   0.0000000E+00
   5.217547    0.178978    4.241652      0.0000     24.850000   0.0000000E+00
   5.239635    0.178978    4.241652      0.0000     24.850000   0.0000000E+00
   5.263932    0.178978    4.241652      0.0000     24.850000   0.0000000E+00
   5.290658    0.178978    4.241652      0.0000     24.850000   0.0000000E+00
   5.320057    0.178978    4.241652      0.0000     24.850000   0.0000000E+00
   5.352397    0.178978    4.241652      0.0000     24.850000   0.0000000E+00
   5.387970    0.178978    4.241652      0.0000     24.850000   0.0000000E+00
   5.427100    0.178978    4.241652      0.0000     24.850000   0.0000000E+00
   5.470143    0.178978    4.241652      0.0000     24.850000   0.0000000E+00
   5.517491    0.178978    4.241652      0.0000     24.850000   0.0000000E+00
   5.569573    0.178978    4.241652      0.0000     24.850000   0.0000000E+00
   5.626864    0.178978    4.241652      0.0000     24.850000   0.0000000E+00
   5.689884    0.178978    4.241652      0.0000     24.850000   0.0000000E+00
   5.759205    0.178978    4.241652      0.0000     24.850000   0.0000000E+00
   5.835459    0.178978    4.241652      0.0000     24.850000   0.0000000E+00
   5.919338    0.178978    4.241652      0.0000     24.850000   0.0000000E+00
   6.011605    0.178978    4.241652      0.0000     24.850000   0.0000000E+00
   6.113099    0.178978    4.241652      0.0000     24.850000   0.0000000E+00
   6.224743    0.178978    4.241652      0.0000     24.850000   0.0000000E+00
   6.347550    0.178978    4.241652      0.0000     24.850000   0.0000000E+00
   6.482639    0.178978    4.241652      0.0000     24.850000   0.0000000E+00
   6.631236    0.178978    4.241652      0.0000     24.850000   0.0000000E+00
   6.794693    0.178978    4.241652      0.0000     24.850000   0.0000000E+00
   6.974495    0.178978    4.241652      0.0000     24.850000   0.0000000E+00
   7.172278    0.178978    4.241652      0.0000     24.850000   0.0000000E+00
   7.389839    0.178978    4.241652      0.0000     24.850000   0.0000000E+00
   7.629157    0.178978    4.241652      0.0000     24.850000   0.0000000E+00
   7.892406    0.178978    4.241652      0.0000     24.850000   0.0000000E+00
   8.181979    0.178978    4.241652      0.0000     24.850000   0.0000000E+00
   8.500511    0.178978    4.241652      0.0000     24.850000   0.0000000E+00
   8.850895    0.178978    4.241652      0.0000     24.850000   0.0000000E+00
   9.236318    0.178978    4.241652      0.0000     24.850000   0.0000000E+00
   9.660283    0.178978    4.241652      0.0000     24.850000   0.0000000E+00
  10.000000    0.178978    4.241652      0.0000     24.850000   0.0000000E+00
  10.000000    0.181045    4.231536     11.0000     24.850000   5.9558624E+02
  10.000000    0.181045    4.231536     11.0000     24.850000   5.9558624E+02
  10.000333    0.181051    4.231479     11.0000     24.850000   5.9864144E+02
  10.000700    0.181056    4.231442     11.0000     24.850000   6.0062626E+02
  10.001103    0.181060    4.231412     11.0000     24.850000   6.0226647E+02
  10.001547    0.181064    4.231384     11.0000     24.850000   6.0375386E+02
  10.002035    0.181069    4.231359     11.0000     24.850000   6.0516748E+02
  10.002572    0.181073    4.231333     11.0000     24.850000   6.0654789E+02
  10.003162    0.181077    4.231308     11.0000     24.850000   6.0791996E+02
  10.003812    0.181082    4.231283     11.0000     24.850000   6.0930028E+02
  10.004526    0.181087    4.231257     11.0000     24.850000   6.1070132E+02
  10.005312    0.181092    4.231231     11.0000     24.850000   6.1213274E+02
  10.006177    0.181097    4.231204     11.0000     24.850000   6.1360281E+02
  10.007128    0.181103    4.231176     11.0000     24.850000   6.1511857E+02
  10.008174    0.181109    4.231147     11.0000     24.850000   6.1668655E+02
  10.009325    0.181115    4.231116     11.0000     24.850000   6.1831270E+02
  10.010591    0.181121    4.231085     11.0000     24.850000   6.2000282E+02
  10.011983    0.181128    4.231052     11.0000     24.850000   6.2176240E+02
  10.013515    0.181135    4.231017     11.0000     24.850000   6.2359696E+02
  10.015200    0.181142    4.230981     11.0000     24.850000   6.2551188E+02
  10.017053    0.181150    4.230943     11.0000     24.850000   6.2751267E+02
  10.019092    0.181158    4.230903     11.0000     24.850000   6.2960475E+02
  10.021334    0.181166    4.230861     11.0000     24.850000   6.3179376E+02
  10.023801    0.181175    4.230816     11.0000     24.850000   6.3408530E+02
  10.026514    0.181184    4.230769     11.0000     24.850000   6.3648520E+02
  10.029499    0.181194    4.230720     11.0000     24.850000   6.3899930E+02
  10.032782    0.181204    4.230667     11.0000     24.850000   6.4163367E+02
  10.036394    0.181215    4.230612     11.0000     24.850000   6.4439441E+02
  10.040367    0.181226    4.230554     11.0000     24.850000   6.4728782E+02
  10.044737    0.181238    4.230492     11.0000     24.850000   6.5032026E+02
  10.049544    0.181250    4.230427     11.0000     24.850000   6.5349827E+02
  10.054831    0.181263    4.230358     11.0000     24.850000   6.5682838E+02
  10.060648    0.181276    4.230285     11.0000     24.850000   6.6031733E+02
  10.067046    0.181291    4.230207     11.0000     24.850000   6.6397176E+02
  10.074084    0.181306    4.230126     11.0000     24.850000   6.6779845E+02
  10.081826    0.181321    4.230039     11.0000     24.850000   6.7180402E+02
  10.090341    0.181338    4.229948     11.0000     24.850000   6.7599506E+02
  10.099709    0.181356    4.229851     11.0000     24.850000   6.8037785E+02
  10.110013    0.181374    4.229749     11.0000     24.850000   6.8495839E+02
  10.121348    0.181394    4.229641     11.0000     24.850000   6.8974210E+02
  10.133816    0.181415    4.229528     11.0000     24.850000   6.9473370E+02
  10.147531    0.181437    4.229408     11.0000     24.850000   6.9993678E+02
  10.162617    0.181461    4.229281     11.0000     24.850000   7.0535363E+02
  10.179212    0.181486    4.229148     11.0000     24.850000   7.1098463E+02
  10.197467    0.181513    4.229007     11.0000     24.850000   7.1682794E+02
  10.217547    0.181542    4.228859     11.0000     24.850000   7.2287887E+02
  10.239635    0.181572    4.228704     11.0000     24.850000   7.2912946E+02
  10.263932    0.181604    4.228541     11.0000     24.850000   7.3556787E+02
  10.290658    0.181638    4.228371     11.0000     24.850000   7.4217813E+02
  10.320057    0.181675    4.228192     11.0000     24.850000   7.4893962E+02
  10.352397    0.181713    4.228005     11.0000     24.850000   7.5582716E+02
  10.387970    0.181753    4.227810     11.0000     24.850000   7.6281081E+02
  10.427100    0.181795    4.227606     11.0000     24.850000   7.6985634E+02
  10.470143    0.181840    4.227394     11.0000     24.850000   7.7692560E+02
  10.517491    0.181886    4.227174     11.0000     24.850000   7.8397743E+02
  10.569573    0.181935    4.226944     11.0000     24.850000   7.9096862E+02
  10.626864    0.181985    4.226706     11.0000     24.850000   7.9785538E+02
  10.689884    0.182037    4.226459     11.0000     24.850000   8.0459486E+02
  10.759205    0.182092    4.226202     11.0000     24.850000   8.1114708E+02
  10.835459    0.182149    4.225935     11.0000     24.850000   8.1747678E+02
  10.919338    0.182208    4.225658     11.0000     24.850000   8.2355560E+02
  11.011605    0.182269    4.225368     11.0000     24.850000   8.2936387E+02
  11.113099    0.182334    4.225066     11.0000     24.850000   8.3489255E+02
  11.224743    0.182402    4.224749     11.0000     24.850000   8.4014458E+02
  11.347550    0.182474    4.224416     11.0000     24.850000   8.4513632E+02
  11.482639    0.182551    4.224064     11.0000     24.850000   8.4989856E+02
  11.631236    0.182632    4.223692     11.0000     24.850000   8.5447790E+02
  11.794693    0.182720    4.223295     11.0000     24.850000   8.5893849E+02
  11.974495    0.182814    4.222872     11.0000     24.850000   8.6336548E+02
  12.172278    0.182916    4.222416     11.0000     24.850000   8.6787072E+02
  12.389839    0.183027    4.221923     11.0000     24.850000   8.7260317E+02
  12.629157    0.183147    4.221387     11.0000     24.850000   8.7776615E+02
  12.892406    0.183278    4.220798     11.0000     24.850000   8.8364631E+02
  13.181979    0.183421    4.220143     11.0000     24.850000   8.9066004E+02
  13.500511    0.183577    4.219403     11.0000     24.850000   8.9942736E+02
  13.850895    0.183749    4.218551     11.0000     24.850000   9.1088517E+02
  14.236318    0.183937    4.217543     11.0000     24.850000   9.2645669E+02
  14.660283    0.184143    4.216307     11.0000     24.850000   9.4829713E+02
  15.000000    0.184310    4.215186     11.0000     24.850000   9.7032788E+02
  15.000000    0.182249    4.225513      0.0000     24.850000   1.8168714E+01
  15.000000    0.182249    4.225513      0.0000     24.850000   1.8168714E+01
  15.000333    0.182212    4.225593      0.0000     24.850000   1.7514191E+01
  15.000700    0.182188    4.225643      0.0000     24.850000   1.7110135E+01
  15.001103    0.182169    4.225684      0.0000     24.850000   1.6789413E+01
  15.001547    0.182152    4.225720      0.0000     24.850000   1.6508688E+01
  15.002035    0.182136    4.225754      0.0000     24.850000   1.6250360E+01
  15.002572    0.182121    4.225786      0.0000     24.850000   1.6005783E+01
  15.003162    0.182106    4.225818      0.0000     24.850000   1.5769850E+01
  15.003812    0.182091    4.225849      0.0000     24.850000   1.5539461E+01
  15.004526    0.182076    4.225881      0.0000     24.850000   1.5312447E+01
  15.005312    0.182062    4.225913      0.0000     24.850000   1.5087387E+01
  15.006177    0.182046    4.225945      0.0000     24.850000   1.4863197E+01
  15.007128    0.182031    4.225978      0.0000     24.850000   1.4639171E+01
  15.008174    0.182015    4.226012      0.0000     24.850000   1.4414755E+01
  15.009325    0.181999    4.226047      0.0000     24.850000   1.4189632E+01
  15.010591    0.181983    4.226083      0.0000     24.850000   1.3963564E+01
  15.011983    0.181966    4.226120      0.0000     24.850000   1.3736491E+01
  15.013515    0.181949    4.226159      0.0000     24.850000   1.3508398E+01
  15.015200    0.181931    4.226199      0.0000     24.850000   1.3279417E+01
  15.017053    0.181912    4.226240      0.0000     24.850000   1.3049713E+01
  15.019092    0.181893    4.226283      0.0000     24.850000   1.2819582E+01
  15.021334    0.181874    4.226327      0.0000     24.850000   1.2589346E+01
  15.023801    0.181854    4.226373      0.0000     24.850000   1.2359451E+01
  15.026514    0.181833    4.226422      0.0000     24.850000   1.2130364E+01
  15.029499    0.181811    4.226472      0.0000     24.850000   1.1902671E+01
  15.032782    0.181789    4.226524      0.0000     24.850000   1.1676982E+01
  15.036394    0.181766    4.226578      0.0000     24.850000   1.1454016E+01
  15.040367    0.181742    4.226635      0.0000     24.850000   1.1234512E+01
  15.044737    0.181717    4.226694      0.0000     24.850000   1.1019312E+01
  15.049544    0.181691    4.226755      0.0000     24.850000   1.0809264E+01
  15.054831    0.181664    4.226819      0.0000     24.850000   1.0605306E+01
  15.060648    0.181637    4.226886      0.0000     24.850000   1.0408364E+01
  15.067046    0.181608    4.226955      0.0000     24.850000   1.0219424E+01
  15.074084    0.181578    4.227027      0.0000     24.850000   1.0039429E+01
  15.081826    0.181547    4.227102      0.0000     24.850000   9.8693422E+00
  15.090341    0.181514    4.227180      0.0000     24.850000   9.7100316E+00
  15.099709    0.181481    4.227261      0.0000     24.850000   9.5623267E+00
  15.110013    0.181446    4.227345      0.0000     24.850000   9.4268994E+00
  15.121348    0.181409    4.227432      0.0000     24.850000   9.3043087E+00
  15.133816    0.181371    4.227522      0.0000     24.850000   9.1948826E+00
  15.147531    0.181331    4.227615      0.0000     24.850000   9.0987621E+00
  15.162617    0.181289    4.227711      0.0000     24.850000   9.0157899E+00
  15.179212    0.181246    4.227810      0.0000     24.850000   8.9455613E+00
  15.197467    0.181201    4.227912      0.0000     24.850000   8.8873260E+00
  15.217547    0.181153    4.228017      0.0000     24.850000   8.8400477E+00
  15.239635    0.181104    4.228124      0.0000     24.850000   8.8023181E+00
  15.263932    0.181053    4.228233      0.0000     24.850000   8.7724222E+00
  15.290658    0.180999    4.228345      0.0000     24.850000   8.7482596E+00
  15.320057    0.180945    4.228458      0.0000     24.850000   8.7274157E+00
  15.352397    0.180888    4.228573      0.0000     24.850000   8.7070957E+00
  15.387970    0.180830    4.228688      0.0000     24.850000   8.6842143E+00
  15.427100    0.180771    4.228804      0.0000     24.850000   8.6553639E+00
  15.470143    0.180711    4.228919      0.0000     24.850000   8.6169475E+00
  15.517491    0.180651    4.229033      0.0000     24.850000   8.5652064E+00
  15.569573    0.180590    4.229147      0.0000     24.850000   8.4964145E+00
  15.626864    0.180530    4.229257      0.0000     24.850000   8.4069718E+00
  15.689884    0.180471    4.229365      0.0000     24.850000   8.2936514E+00
  15.759205    0.180413    4.229469      0.0000     24.850000   8.1537287E+00
  15.835459    0.180356    4.229569      0.0000     24.850000   7.9852333E+00
  15.919338    0.180302    4.229664      0.0000     24.850000   7.7870522E+00
  16.011605    0.180249    4.229753      0.0000     24.850000   7.5591125E+00
  16.113099    0.180200    4.229836      0.0000     24.850000   7.3023845E+00
  16.224743    0.180153    4.229913      0.0000     24.850000   7.0189269E+00
  16.347550    0.180109    4.229983      0.0000     24.850000   6.7117399E+00
  16.482639    0.180068    4.230046      0.0000     24.850000   6.3846523E+00
  16.631236    0.180029    4.230102      0.0000     24.850000   6.0420393E+00
  16.794693    0.179994    4.230152      0.0000     24.850000   5.6886056E+00
  16.974495    0.179960    4.230195      0.0000     24.850000   5.3290587E+00
  17.172278    0.179930    4.230232      0.0000     24.850000   4.9679031E+00
  17.389839    0.179901    4.230264      0.0000     24.850000   4.6091948E+00
  17.629157    0.179874    4.230291      0.0000     24.850000   4.2564569E+00
  17.892406    0.179849    4.230313      0.0000     24.850000   3.9125903E+00
  18.181979    0.179825    4.230332      0.0000     24.850000   3.5799366E+00
  18.500511    0.179803    4.230347      0.0000     24.850000   3.2603135E+00
  18.850895    0.179782    4.230360      0.0000     24.850000   2.9551458E+00
  19.236318    0.179762    4.230370      0.0000     24.850000   2.6655220E+00
  19.660283    0.179743    4.230379      0.0000     24.850000   2.3922925E+00
  20.000000    0.179730    4.230385      0.0000     24.850000   2.2001390E+00
  20.000000    0.179730    4.230385      0.0000     24.850000   2.2001390E+00
  20.000000    0.179730    4.230385      0.0000     24.850000   2.2001390E+00
  20.000333    0.179730    4.230385      0.0000     24.850000   2.1999570E+00
  20.000700    0.179730    4.230385      0.0000     24.850000   2.1997529E+00
  20.001103    0.179730    4.230385      0.0000     24.850000   2.1995323E+00
  20.001547    0.179730    4.230385      0.0000     24.850000   2.1992864E+00
  20.002035    0.179730    4.230385      0.0000     24.850000   2.1990192E+00
  20.002572    0.179730    4.230385      0.0000     24.850000   2.1987225E+00
  20.003162    0.179730    4.230385      0.0000     24.850000   2.1983992E+00
  20.003812    0.179730    4.230385      0.0000     24.850000   2.1980411E+00
  20.004526    0.179730    4.230385      0.0000     24.850000   2.1976499E+00
  20.005312    0.179730    4.230385      0.0000     24.850000   2.1972175E+00
  20.006177    0.179730    4.230385      0.0000     24.850000   2.1967446E+00
  20.007128    0.179730    4.230385      0.0000     24.850000   2.1962224E+00
  20.008174    0.179730    4.230385      0.0000     24.850000   2.1956507E+00
  20.009325    0.179730    4.230385      0.0000     24.850000   2.1950201E+00
  20.010591    0.179730    4.230385      0.0000     24.850000   2.1943291E+00
  20.011983    0.179730    4.230385      0.0000     24.850000   2.1935677E+00
  20.013515    0.179730    4.230385      0.0000     24.850000   2.1927329E+00
  20.015200    0.179730    4.230385      0.0000     24.850000   2.1918136E+00
  20.017053    0.179730    4.230385      0.0000     24.850000   2.1908054E+00
  20.019092    0.179730    4.230385      0.0000     24.850000   2.1896955E+00
  20.021334    0.179729    4.230385      0.0000     24.850000   2.1884782E+00
  20.023801    0.179729    4.230385      0.0000     24.850000   2.1871388E+00
  20.026514    0.179729    4.230385      0.0000     24.850000   2.1856695E+00
  20.029499    0.179729    4.230385      0.0000     24.850000   2.1840536E+00
  20.032782    0.179729    4.230385      0.0000     24.850000   2.1822808E+00
  20.036394    0.179729    4.230385      0.0000     24.850000   2.1803320E+00
  20.040367    0.179729    4.230385      0.0000     24.850000   2.1781941E+00
  20.044737    0.179729    4.230386      0.0000     24.850000   2.1758451E+00
  20.049544    0.179728    4.230386      0.0000     24.850000   2.1732683E+00
  20.054831    0.179728    4.230386      0.0000     24.850000   2.1704383E+00
  20.060648    0.179728    4.230386      0.0000     24.850000   2.1673347E+00
  20.067046    0.179728    4.230386      0.0000     24.850000   2.1639276E+00
  20.074084    0.179728    4.230386      0.0000     24.850000   2.1601922E+00
  20.081826    0.179727    4.230386      0.0000     24.850000   2.1560939E+00
  20.090341    0.179727    4.230386      0.0000     24.850000   2.1516024E+00
  20.099709    0.179727    4.230386      0.0000     24.850000   2.1466775E+00
  20.110013    0.179726    4.230387      0.0000     24.850000   2.1412827E+00
  20.121348    0.179726    4.230387      0.0000     24.850000   2.1353715E+00
  20.133816    0.179725    4.230387      0.0000     24.850000   2.1289006E+00
  20.147531    0.179725    4.230387      0.0000     24.850000   2.1218159E+00
  20.162617    0.179724    4.230387      0.0000     24.850000   2.1140664E+00
  20.179212    0.179724    4.230388      0.0000     24.850000   2.1055902E+00
  20.197467    0.179723    4.230388      0.0000     24.850000   2.0963274E+00
  20.217547    0.179723    4.230388      0.0000     24.850000   2.0862073E+00
  20.239635    0.179722    4.230389      0.0000     24.850000   2.0751612E+00
  20.263932    0.179721    4.230389      0.0000     24.850000   2.0631090E+00
  20.290658    0.179720    4.230389      0.0000     24.850000   2.0499724E+00
  20.320057    0.179719    4.230390      0.0000     24.850000   2.0356623E+00
  20.352397    0.179718    4.230390      0.0000     24.850000   2.0200914E+00
  20.387970    0.179717    4.230391      0.0000     24.850000   2.0031617E+00
  20.427100    0.179716    4.230391      0.0000     24.850000   1.9847779E+00
  20.470143    0.179714    4.230392      0.0000     24.850000   1.9648352E+00
  20.517491    0.179713    4.230392      0.0000     24.850000   1.9432323E+00
  20.569573    0.179711    4.230393      0.0000     24.850000   1.9198605E+00
  20.626864    0.179709    4.230394      0.0000     24.850000   1.8946165E+00
  20.689884    0.179707    4.230394      0.0000     24.850000   1.8673922E+00
  20.759205    0.179705    4.230395      0.0000     24.850000   1.8380880E+00
  20.835459    0.179703    4.230396      0.0000     24.850000   1.8066033E+00
  20.919338    0.179701    4.230397      0.0000     24.850000   1.7728502E+00
  21.011605    0.179698    4.230398      0.0000     24.850000   1.7367447E+00
  21.113099    0.179696    4.230399      0.0000     24.850000   1.6982210E+00
  21.224743    0.179693    4.230400      0.0000     24.850000   1.6572231E+00
  21.347550    0.179690    4.230401      0.0000     24.850000   1.6137198E+00
  21.482639    0.179686    4.230402      0.0000     24.850000   1.5676967E+00
  21.631236    0.179683    4.230404      0.0000     24.850000   1.5191704E+00
  21.794693    0.179679    4.230405      0.0000     24.850000   1.4681818E+00
  21.974495    0.179675    4.230407      0.0000     24.850000   1.4148090E+00
  22.172278    0.179671    4.230408      0.0000     24.850000   1.3591603E+00
  22.389839    0.179667    4.230410      0.0000     24.850000   1.3013853E+00
  22.629157    0.179662    4.230411      0.0000     24.850000   1.2416675E+00
  22.892406    0.179657    4.230413      0.0000     24.850000   1.1802325E+00
  23.181979    0.179652    4.230415      0.0000     24.850000   1.1173390E+00
  23.500511    0.179647    4.230416      0.0000     24.850000   1.0532843E+00
  23.850895    0.179642    4.230418      0.0000     24.850000   9.8839242E-01
  24.236318    0.179636    4.230420      0.0000     24.850000   9.2301721E-01
  24.660283    0.179630    4.230422      0.0000     24.850000   8.5752865E-01
  25.000000    0.179626    4.230423      0.0000     24.850000   8.0914421E-01
  25.000000    0.179626    4.230423      0.0000     24.850000   8.0914421E-01
  25.000000    0.179626    4.230423      0.0000     24.850000   8.0914421E-01
  25.000333    0.179626    4.230423      0.0000     24.850000   8.0909713E-01
  25.000700    0.179626    4.230423      0.0000     24.850000   8.0904626E-01
  25.001103    0.179626    4.230423      0.0000     24.850000   8.0898947E-01
  25.001547    0.179626    4.230423      0.0000     24.850000   8.0892783E-01
  25.002035    0.179626    4.230423      0.0000     24.850000   8.0885928E-01
  25.002572    0.179626    4.230423      0.0000     24.850000   8.0878465E-01
  25.003162    0.179626    4.230423      0.0000     24.850000   8.0870185E-01
  25.003812    0.179626    4.230423      0.0000     24.850000   8.0861150E-01
  25.004526    0.179626    4.230423      0.0000     24.850000   8.0851147E-01
  25.005312    0.179626    4.230423      0.0000     24.850000   8.0840214E-01
  25.006177    0.179626    4.230423      0.0000     24.850000   8.0828126E-01
  25.007128    0.179626    4.230423      0.0000     24.850000   8.0814898E-01
  25.008174    0.179626    4.230423      0.0000     24.850000   8.0800293E-01
  25.009325    0.179626    4.230423      0.0000     24.850000   8.0784294E-01
  25.010591    0.179626    4.230423      0.0000     24.850000   8.0766643E-01
  25.011983    0.179626    4.230423      0.0000     24.850000   8.0747295E-01
  25.013515    0.179626    4.230423      0.0000     24.850000   8.0725966E-01
  25.015200    0.179626    4.230423      0.0000     24.850000   8.0702573E-01
  25.017053    0.179626    4.230423      0.0000     24.850000   8.0676800E-01
  25.019092    0.179626    4.230423      0.0000     24.850000   8.0648523E-01
  25.021334    0.179626    4.230423      0.0000     24.850000   8.0617384E-01
  25.023801    0.179626    4.230423      0.0000     24.850000   8.0583211E-01
  25.026514    0.179626    4.230423      0.0000     24.850000   8.0545595E-01
  25.029499    0.179625    4.230423      0.0000     24.850000   8.0504306E-01
  25.032782    0.179625    4.230423      0.0000     24.850000   8.0458875E-01
  25.036394    0.179625    4.230423      0.0000     24.850000   8.0409002E-01
  25.040367    0.179625    4.230423      0.0000     24.850000   8.0354147E-01
  25.044737    0.179625    4.230423      0.0000     24.850000   8.0293926E-01
  25.049544    0.179625    4.230423      0.0000     24.850000   8.0227712E-01
  25.054831    0.179625    4.230423      0.0000     24.850000   8.0155024E-01
  25.060648    0.179625    4.230423      0.0000     24.850000   8.0075132E-01
  25.067046    0.179625    4.230424      0.0000     24.850000   7.9987437E-01
  25.074084    0.179625    4.230424      0.0000     24.850000   7.9891084E-01
  25.081826    0.179625    4.230424      0.0000     24.850000   7.9785340E-01
  25.090341    0.179625    4.230424      0.0000     24.850000   7.9669204E-01
  25.099709    0.179625    4.230424      0.0000     24.850000   7.9541779E-01
  25.110013    0.179624    4.230424      0.0000     24.850000   7.9401893E-01
  25.121348    0.179624    4.230424      0.0000     24.850000   7.9248463E-01
  25.133816    0.179624    4.230424      0.0000     24.850000   7.9080112E-01
  25.147531    0.179624    4.230424      0.0000     24.850000   7.8895540E-01
  25.162617    0.179624    4.230424      0.0000     24.850000   7.8693139E-01
  25.179212    0.179624    4.230424      0.0000     24.850000   7.8471356E-01
  25.197467    0.179623    4.230424      0.0000     24.850000   7.8228315E-01
  25.217547    0.179623    4.230424      0.0000     24.850000   7.7962179E-01
  25.239635    0.179623    4.230424      0.0000     24.850000   7.7670770E-01
  25.263932    0.179623    4.230424      0.0000     24.850000   7.7351929E-01
  25.290658    0.179622    4.230424      0.0000     24.850000   7.7003148E-01
  25.320057    0.179622    4.230424      0.0000     24.850000   7.6621915E-01
  25.352397    0.179621    4.230425      0.0000     24.850000   7.6205358E-01
  25.387970    0.179621    4.230425      0.0000     24.850000   7.5750594E-01
  25.427100    0.179621    4.230425      0.0000     24.850000   7.5254370E-01
  25.470143    0.179620    4.230425      0.0000     24.850000   7.4713418E-01
  25.517491    0.179619    4.230425      0.0000     24.850000   7.4124110E-01
  25.569573    0.179619    4.230425      0.0000     24.850000   7.3482806E-01
  25.626864    0.179618    4.230426      0.0000     24.850000   7.2785528E-01
  25.689884    0.179617    4.230426      0.0000     24.850000   7.2028312E-01
  25.759205    0.179617    4.230426      0.0000     24.850000   7.1206900E-01
  25.835459    0.179616    4.230426      0.0000     24.850000   7.0317103E-01
  25.919338    0.179615    4.230427      0.0000     24.850000   6.9354507E-01
  26.011605    0.179614    4.230427      0.0000     24.850000   6.8314853E-01
  26.113099    0.179613    4.230427      0.0000     24.850000   6.7193774E-01
  26.224743    0.179611    4.230427      0.0000     24.850000   6.5987181E-01
  26.347550    0.179610    4.230428      0.0000     24.850000   6.4691037E-01
  26.482639    0.179608    4.230428      0.0000     24.850000   6.3301760E-01
  26.631236    0.179607    4.230429      0.0000     24.850000   6.1816028E-01
  26.794693    0.179605    4.230429      0.0000     24.850000   6.0231201E-01
  26.974495    0.179603    4.230430      0.0000     24.850000   5.8545157E-01
  27.172278    0.179601    4.230430      0.0000     24.850000   5.6756725E-01
  27.389839    0.179599    4.230431      0.0000     24.850000   5.4865554E-01
  27.629157    0.179597    4.230431      0.0000     24.850000   5.2872536E-01
  27.892406    0.179594    4.230432      0.0000     24.850000   5.0779700E-01
  28.181979    0.179592    4.230432      0.0000     24.850000   4.8590617E-01
  28.500511    0.179589    4.230433      0.0000     24.850000   4.6310287E-01
  28.850895    0.179586    4.230434      0.0000     24.850000   4.3945508E-01
  29.236318    0.179583    4.230434      0.0000     24.850000   4.1504743E-01
  29.660283    0.179579    4.230435      0.0000     24.850000   3.8998415E-01
  30.000000    0.179577    4.230435      0.0000     24.850000   3.7107735E-01
  30.000000    0.188594    4.188545     48.0000     24.850000   1.0862045E+04
  30.000000    0.188594    4.188545     48.0000     24.850000   1.0862045E+04
  30.000333    0.188645    4.188298     48.0000     24.850000   1.0924853E+04
  30.000700    0.188682    4.188135     48.0000     24.850000   1.0966615E+04
  30.001103    0.188714    4.187999     48.0000     24.850000   1.1001693E+04
  30.001547    0.188745    4.187874     48.0000     24.850000   1.1033941E+04
  30.002035    0.188776    4.187754     48.0000     24.850000   1.1064971E+04
  30.002572    0.188807    4.187635     48.0000     24.850000   1.1095629E+04
  30.003162    0.188839    4.187516     48.0000     24.850000   1.1126451E+04
  30.003812    0.188872    4.187395     48.0000     24.850000   1.1157811E+04
  30.004526    0.188906    4.187270     48.0000     24.850000   1.1190003E+04
  30.005312    0.188941    4.187141     48.0000     24.850000   1.1223272E+04
  30.006177    0.188979    4.187006     48.0000     24.850000   1.1257843E+04
  30.007128    0.189018    4.186865     48.0000     24.850000   1.1293922E+04
  30.008174    0.189059    4.186717     48.0000     24.850000   1.1331713E+04
  30.009325    0.189102    4.186562     48.0000     24.850000   1.1371420E+04
  30.010591    0.189148    4.186397     48.0000     24.850000   1.1413255E+04
  30.011983    0.189196    4.186223     48.0000     24.850000   1.1457437E+04
  30.013515    0.189248    4.186037     48.0000     24.850000   1.1504201E+04
  30.015200    0.189302    4.185840     48.0000     24.850000   1.1553797E+04
  30.017053    0.189360    4.185630     48.0000     24.850000   1.1606499E+04
  30.019092    0.189422    4.185405     48.0000     24.850000   1.1662603E+04
  30.021334    0.189488    4.185164     48.0000     24.850000   1.1722436E+04
  30.023801    0.189558    4.184906     48.0000     24.850000   1.1786359E+04
  30.026514    0.189632    4.184629     48.0000     24.850000   1.1854774E+04
  30.029499    0.189712    4.184330     48.0000     24.850000   1.1928126E+04
  30.032782    0.189798    4.184008     48.0000     24.850000   1.2006916E+04
  30.036394    0.189889    4.183660     48.0000     24.850000   1.2091706E+04
  30.040367    0.189988    4.183283     48.0000     24.850000   1.2183128E+04
  30.044737    0.190093    4.182874     48.0000     24.850000   1.2281896E+04
  30.049544    0.190207    4.182429     48.0000     24.850000   1.2388818E+04
  30.054831    0.190329    4.181945     48.0000     24.850000   1.2504810E+04
  30.060648    0.190461    4.181416     48.0000     24.850000   1.2630912E+04
  30.067046    0.190603    4.180837     48.0000     24.850000   1.2768301E+04
  30.074084    0.190757    4.180202     48.0000     24.850000   1.2918317E+04
  30.081826    0.190924    4.179504     48.0000     24.850000   1.3082473E+04
  30.090341    0.191104    4.178735     48.0000     24.850000   1.3262481E+04
  30.099709    0.191299    4.177886     48.0000     24.850000   1.3460264E+04
  30.110013    0.191510    4.176947     48.0000     24.850000   1.3677972E+04
  30.121348    0.191739    4.175906     48.0000     24.850000   1.3917980E+04
  30.133816    0.191987    4.174751     48.0000     24.850000   1.4182881E+04
  30.147531    0.192256    4.173469     48.0000     24.850000   1.4475448E+04
  30.162617    0.192548    4.172043     48.0000     24.850000   1.4798563E+04
  30.179212    0.192864    4.170461     48.0000     24.850000   1.5155090E+04
  30.197467    0.193207    4.168707     48.0000     24.850000   1.5547672E+04
  30.217547    0.193578    4.166768     48.0000     24.850000   1.5978421E+04
  30.239635    0.193979    4.164636     48.0000     24.850000   1.6448475E+04
  30.263932    0.194413    4.162306     48.0000     24.850000   1.6957392E+04
  30.290658    0.194882    4.159785     48.0000     24.850000   1.7502402E+04
  30.320057    0.195389    4.157091     48.0000     24.850000   1.8077550E+04
  30.352397    0.195934    4.154256     48.0000     24.850000   1.8672876E+04
  30.387970    0.196522    4.151331     48.0000     24.850000   1.9273838E+04
  30.427100    0.197154    4.148380     48.0000     24.850000   1.9861245E+04
  30.470143    0.197833    4.145480     48.0000     24.850000   2.0411889E+04
  30.517491    0.198561    4.142706     48.0000     24.850000   2.0899927E+04
  30.569573    0.199340    4.140126     48.0000     24.850000   2.1298772E+04
  30.626864    0.200174    4.137785     48.0000     24.850000   2.1583214E+04
  30.689884    0.201064    4.135703     48.0000     24.850000   2.1731765E+04
  30.759205    0.202014    4.133872     48.0000     24.850000   2.1730002E+04
  30.835459    0.203028    4.132260     48.0000     24.850000   2.1575939E+04
  30.919338    0.204112    4.130817     48.0000     24.850000   2.1287022E+04
  31.011605    0.205271    4.129480     48.0000     24.850000   2.0904885E+04
  31.113099    0.206515    4.128178     48.0000     24.850000   2.0492451E+04
  31.224743    0.207853    4.126834     48.0000     24.850000   2.0122538E+04
  31.347550    0.209292    4.125362     48.0000     24.850000   1.9863622E+04
  31.482639    0.210833    4.123669     48.0000     24.850000   1.9768659E+04
  31.631236    0.212464    4.121646     48.0000     24.850000   1.9868447E+04
  31.794693    0.214152    4.119160     48.0000     24.850000   2.0169361E+04
  31.974495    0.215845    4.116042     48.0000     24.850000   2.0656518E+04
  32.172278    0.217478    4.112064     48.0000     24.850000   2.1303179E+04
  32.389839    0.219000    4.106924     48.0000     24.850000   2.2083986E+04
  32.629157    0.220387    4.100252     48.0000     24.850000   2.2983479E+04
  32.892406    0.221637    4.091668     48.0000     24.850000   2.3983551E+04
  33.181979    0.222755    4.080964     48.0000     24.850000   2.5012991E+04
  33.500511    0.223730    4.068374     48.0000     24.850000   2.5869356E+04
  33.850895    0.224529    4.054795     48.0000     24.850000   2.6187851E+04
  34.236318    0.225217    4.041665     48.0000     24.850000   2.5600895E+04
  34.660283    0.225964    4.030357     48.0000     24.850000   2.4028065E+04
  35.000000    0.226604    4.023552     48.0000     24.850000   2.2452167E+04
  35.000000    0.217656    4.069531      0.0000     24.850000   5.9067357E+02
  35.000000    0.217656    4.069531      0.0000     24.850000   5.9067357E+02
  35.000333    0.217561    4.069930      0.0000     24.850000   5.8510887E+02
  35.000700    0.217500    4.070185      0.0000     24.850000   5.8177436E+02
  35.001103    0.217451    4.070394      0.0000     24.850000   5.7913096E+02
  35.001547    0.217406    4.070582      0.0000     24.850000   5.7682261E+02
  35.002035    0.217364    4.070759      0.0000     24.850000   5.7470313E+02
  35.002572    0.217324    4.070931      0.0000     24.850000   5.7271038E+02
  35.003162    0.217284    4.071101      0.0000     24.850000   5.7080608E+02
  35.003812    0.217244    4.071271      0.0000     24.850000   5.6897419E+02
  35.004526    0.217203    4.071444      0.0000     24.850000   5.6720354E+02
  35.005312    0.217162    4.071619      0.0000     24.850000   5.6549392E+02
  35.006177    0.217121    4.071799      0.0000     24.850000   5.6384649E+02
  35.007128    0.217078    4.071984      0.0000     24.850000   5.6227012E+02
  35.008174    0.217034    4.072176      0.0000     24.850000   5.6077436E+02
  35.009325    0.216989    4.072374      0.0000     24.850000   5.5937538E+02
  35.010591    0.216943    4.072580      0.0000     24.850000   5.5809001E+02
  35.011983    0.216895    4.072794      0.0000     24.850000   5.5694122E+02
  35.013515    0.216846    4.073017      0.0000     24.850000   5.5595280E+02
  35.015200    0.216794    4.073251      0.0000     24.850000   5.5515438E+02
  35.017053    0.216742    4.073495      0.0000     24.850000   5.5457648E+02
  35.019092    0.216687    4.073750      0.0000     24.850000   5.5425512E+02
  35.021334    0.216630    4.074018      0.0000     24.850000   5.5422707E+02
  35.023801    0.216571    4.074299      0.0000     24.850000   5.5453409E+02
  35.026514    0.216510    4.074594      0.0000     24.850000   5.5521824E+02
  35.029499    0.216447    4.074903      0.0000     24.850000   5.5632575E+02
  35.032782    0.216382    4.075228      0.0000     24.850000   5.5790223E+02
  35.036394    0.216314    4.075569      0.0000     24.850000   5.5999618E+02
  35.040367    0.216244    4.075928      0.0000     24.850000   5.6265405E+02
  35.044737    0.216172    4.076306      0.0000     24.850000   5.6592326E+02
  35.049544    0.216096    4.076702      0.0000     24.850000   5.6984699E+02
  35.054831    0.216018    4.077119      0.0000     24.850000   5.7446679E+02
  35.060648    0.215938    4.077556      0.0000     24.850000   5.7981704E+02
  35.067046    0.215854    4.078016      0.0000     24.850000   5.8592700E+02
  35.074084    0.215767    4.078499      0.0000     24.850000   5.9281496E+02
  35.081826    0.215677    4.079006      0.0000     24.850000   6.0048986E+02
  35.090341    0.215584    4.079537      0.0000     24.850000   6.0894497E+02
  35.099709    0.215487    4.080094      0.0000     24.850000   6.1815919E+02
  35.110013    0.215386    4.080677      0.0000     24.850000   6.2809046E+02
  35.121348    0.215281    4.081287      0.0000     24.850000   6.3867679E+02
  35.133816    0.215171    4.081924      0.0000     24.850000   6.4982969E+02
  35.147531    0.215057    4.082589      0.0000     24.850000   6.6143533E+02
  35.162617    0.214938    4.083282      0.0000     24.850000   6.7334834E+02
  35.179212    0.214813    4.084003      0.0000     24.850000   6.8539357E+02
  35.197467    0.214682    4.084752      0.0000     24.850000   6.9736075E+02
  35.217547    0.214545    4.085529      0.0000     24.850000   7.0900734E+02
  35.239635    0.214402    4.086332      0.0000     24.850000   7.2005458E+02
  35.263932    0.214250    4.087161      0.0000     24.850000   7.3019231E+02
  35.290658    0.214092    4.088014      0.0000     24.850000   7.3907790E+02
  35.320057    0.213924    4.088891      0.0000     24.850000   7.4634544E+02
  35.352397    0.213749    4.089787      0.0000     24.850000   7.5161077E+02
  35.387970    0.213564    4.090703      0.0000     24.850000   7.5448881E+02
  35.427100    0.213369    4.091633      0.0000     24.850000   7.5460784E+02
  35.470143    0.213165    4.092576      0.0000     24.850000   7.5163510E+02
  35.517491    0.212951    4.093527      0.0000     24.850000   7.4529583E+02
  35.569573    0.212728    4.094481      0.0000     24.850000   7.3539679E+02
  35.626864    0.212496    4.095435      0.0000     24.850000   7.2183579E+02
  35.689884    0.212255    4.096384      0.0000     24.850000   7.0460969E+02
  35.759205    0.212007    4.097321      0.0000     24.850000   6.8380691E+02
  35.835459    0.211753    4.098241      0.0000     24.850000   6.5960092E+02
  35.919338    0.211492    4.099138      0.0000     24.850000   6.3223400E+02
  36.011605    0.211227    4.100006      0.0000     24.850000   6.0200716E+02
  36.113099    0.210956    4.100838      0.0000     24.850000   5.6926446E+02
  36.224743    0.210680    4.101629      0.0000     24.850000   5.3438542E+02
  36.347550    0.210398    4.102373      0.0000     24.850000   4.9777396E+02
  36.482639    0.210109    4.103064      0.0000     24.850000   4.5985757E+02
  36.631236    0.209811    4.103698      0.0000     24.850000   4.2108696E+02
  36.794693    0.209503    4.104272      0.0000     24.850000   3.8194789E+02
  36.974495    0.209184    4.104783      0.0000     24.850000   3.4297041E+02
  37.172278    0.208855    4.105230      0.0000     24.850000   3.0473449E+02
  37.389839    0.208516    4.105615      0.0000     24.850000   2.6784735E+02
  37.629157    0.208171    4.105940      0.0000     24.850000   2.3289585E+02
  37.892406    0.207824    4.106208      0.0000     24.850000   2.0037953E+02
  38.181979    0.207481    4.106425      0.0000     24.850000   1.7065981E+02
  38.500511    0.207146    4.106598      0.0000     24.850000   1.4393720E+02
  38.850895    0.206826    4.106731      0.0000     24.850000   1.2026261E+02
  39.236318    0.206523    4.106833      0.0000     24.850000   9.9563726E+01
  39.660283    0.206242    4.106909      0.0000     24.850000   8.1679310E+01
  40.000000    0.206049    4.106954      0.0000     24.850000   7.0027788E+01
  40.000000    0.206049    4.106954      0.0000     24.850000   7.0027788E+01
  40.000000    0.206049    4.106954      0.0000     24.850000   7.0027788E+01
  40.000333    0.206048    4.106954      0.0000     24.850000   7.0016587E+01
  40.000700    0.206048    4.106954      0.0000     24.850000   7.0004086E+01
  40.001103    0.206048    4.106954      0.0000     24.850000   6.9990580E+01
  40.001547    0.206048    4.106954      0.0000     24.850000   6.9975570E+01
  40.002035    0.206047    4.106954      0.0000     24.850000   6.9959276E+01
  40.002572    0.206047    4.106954      0.0000     24.850000   6.9941223E+01
  40.003162    0.206047    4.106954      0.0000     24.850000   6.9921568E+01
  40.003812    0.206046    4.106954      0.0000     24.850000   6.9899837E+01
  40.004526    0.206046    4.106954      0.0000     24.850000   6.9876132E+01
  40.005312    0.206046    4.106954      0.0000     24.850000   6.9849968E+01
  40.006177    0.206045    4.106954      0.0000     24.850000   6.9821385E+01
  40.007128    0.206045    4.106954      0.0000     24.850000   6.9789876E+01
  40.008174    0.206044    4.106955      0.0000     24.850000   6.9755422E+01
  40.009325    0.206043    4.106955      0.0000     24.850000   6.9717478E+01
  40.010591    0.206043    4.106955      0.0000     24.850000   6.9675958E+01
  40.011983    0.206042    4.106955      0.0000     24.850000   6.9630269E+01
  40.013515    0.206041    4.106955      0.0000     24.850000   6.9580251E+01
  40.015200    0.206040    4.106955      0.0000     24.850000   6.9525247E+01
  40.017053    0.206039    4.106956      0.0000     24.850000   6.9465013E+01
  40.019092    0.206038    4.106956      0.0000     24.850000   6.9398814E+01
  40.021334    0.206037    4.106956      0.0000     24.850000   6.9326307E+01
  40.023801    0.206035    4.106956      0.0000     24.850000   6.9246663E+01
  40.026514    0.206034    4.106957      0.0000     24.850000   6.9159424E+01
  40.029499    0.206032    4.106957      0.0000     24.850000   6.9063648E+01
  40.032782    0.206030    4.106958      0.0000     24.850000   6.8958742E+01
  40.036394    0.206028    4.106958      0.0000     24.850000   6.8843630E+01
  40.040367    0.206026    4.106958      0.0000     24.850000   6.8717562E+01
  40.044737    0.206024    4.106959      0.0000     24.850000   6.8579303E+01
  40.049544    0.206021    4.106959      0.0000     24.850000   6.8427920E+01
  40.054831    0.206018    4.106960      0.0000     24.850000   6.8261994E+01
  40.060648    0.206015    4.106961      0.0000     24.850000   6.8080383E+01
  40.067046    0.206012    4.106961      0.0000     24.850000   6.7881449E+01
  40.074084    0.206008    4.106962      0.0000     24.850000   6.7663814E+01
  40.081826    0.206004    4.106963      0.0000     24.850000   6.7425592E+01
  40.090341    0.206000    4.106964      0.0000     24.850000   6.7165135E+01
  40.099709    0.205995    4.106965      0.0000     24.850000   6.6880281E+01
  40.110013    0.205989    4.106966      0.0000     24.850000   6.6569082E+01
  40.121348    0.205983    4.106967      0.0000     24.850000   6.6229069E+01
  40.133816    0.205977    4.106969      0.0000     24.850000   6.5857971E+01
  40.147531    0.205970    4.106970      0.0000     24.850000   6.5452993E+01
  40.162617    0.205962    4.106972      0.0000     24.850000   6.5011522E+01
  40.179212    0.205954    4.106973      0.0000     24.850000   6.4530427E+01
  40.197467    0.205945    4.106975      0.0000     24.850000   6.4006755E+01
  40.217547    0.205935    4.106977      0.0000     24.850000   6.3437052E+01
  40.239635    0.205924    4.106979      0.0000     24.850000   6.2818050E+01
  40.263932    0.205912    4.106982      0.0000     24.850000   6.2146015E+01
  40.290658    0.205899    4.106984      0.0000     24.850000   6.1417425E+01
  40.320057    0.205885    4.106987      0.0000     24.850000   6.0628356E+01
  40.352397    0.205870    4.106990      0.0000     24.850000   5.9775151E+01
  40.387970    0.205854    4.106993      0.0000     24.850000   5.8853844E+01
  40.427100    0.205836    4.106996      0.0000     24.850000   5.7860825E+01
  40.470143    0.205817    4.106999      0.0000     24.850000   5.6792315E+01
  40.517491    0.205796    4.107003      0.0000     24.850000   5.5645026E+01
  40.569573    0.205774    4.107007      0.0000     24.850000   5.4415681E+01
  40.626864    0.205750    4.107011      0.0000     24.850000   5.3101686E+01
  40.689884    0.205724    4.107015      0.0000     24.850000   5.1700687E+01
  40.759205    0.205696    4.107020      0.0000     24.850000   5.0211250E+01
  40.835459    0.205667    4.107024      0.0000     24.850000   4.8632463E+01
  40.919338    0.205636    4.107029      0.0000     24.850000   4.6964599E+01
  41.011605    0.205603    4.107034      0.0000     24.850000   4.5208768E+01
  41.113099    0.205567    4.107039      0.0000     24.850000   4.3367543E+01
  41.224743    0.205531    4.107044      0.0000     24.850000   4.1444637E+01
  41.347550    0.205492    4.107050      0.0000     24.850000   3.9445474E+01
  41.482639    0.205451    4.107055      0.0000     24.850000   3.7376860E+01
  41.631236    0.205409    4.107060      0.0000     24.850000   3.5247470E+01
  41.794693    0.205366    4.107066      0.0000     24.850000   3.3067481E+01
  41.974495    0.205321    4.107071      0.0000     24.850000   3.0848934E+01
  42.172278    0.205275    4.107076      0.0000     24.850000   2.8606747E+01
  42.389839    0.205229    4.107082      0.0000     24.850000   2.6353475E+01
  42.629157    0.205182    4.107087      0.0000     24.850000   2.4106286E+01
  42.892406    0.205135    4.107092      0.0000     24.850000   2.1882546E+01
  43.181979    0.205088    4.107096      0.0000     24.850000   1.9700460E+01
  43.500511    0.205042    4.107101      0.0000     24.850000   1.7578444E+01
  43.850895    0.204997    4.107105      0.0000     24.850000   1.5534749E+01
  44.236318    0.204954    4.107109      0.0000     24.850000   1.3587030E+01
  44.660283    0.204912    4.107113      0.0000     24.850000   1.1751687E+01
  45.000000    0.204882    4.107115      0.0000     24.850000   1.0469571E+01
  45.000000    0.204882    4.107115      0.0000     24.850000   1.0469571E+01
  45.000000    0.204882    4.107115      0.0000     24.850000   1.0469571E+01
  45.000333    0.204882    4.107115      0.0000     24.850000   1.0468314E+01
  45.000700    0.204882    4.107115      0.0000     24.850000   1.0466983E+01
  45.001103    0.204882    4.107115      0.0000     24.850000   1.0465475E+01
  45.001547    0.204882    4.107115      0.0000     24.850000   1.0463861E+01
  45.002035    0.204882    4.107115      0.0000     24.850000   1.0462047E+01
  45.002572    0.204882    4.107115      0.0000     24.850000   1.0460093E+01
  45.003162    0.204882    4.107115      0.0000     24.850000   1.0457907E+01
  45.003812    0.204882    4.107115      0.0000     24.850000   1.0455543E+01
  45.004526    0.204882    4.107115      0.0000     24.850000   1.0452909E+01
  45.005312    0.204881    4.107115      0.0000     24.850000   1.0450049E+01
  45.006177    0.204881    4.107115      0.0000     24.850000   1.0446873E+01
  45.007128    0.204881    4.107115      0.0000     24.850000   1.0443415E+01
  45.008174    0.204881    4.107115      0.0000     24.850000   1.0439585E+01
  45.009325    0.204881    4.107115      0.0000     24.850000   1.0435407E+01
  45.010591    0.204881    4.107115      0.0000     24.850000   1.0430786E+01
  45.011983    0.204881    4.107115      0.0000     24.850000   1.0425739E+01
  45.013515    0.204881    4.107115      0.0000     24.850000   1.0420165E+01
  45.015200    0.204881    4.107115      0.0000     24.850000   1.0414070E+01
  45.017053    0.204880    4.107115      0.0000     24.850000   1.0407347E+01
  45.019092    0.204880    4.107115      0.0000     24.850000   1.0399990E+01
  45.021334    0.204880    4.107115      0.0000     24.850000   1.0391881E+01
  45.023801    0.204880    4.107115      0.0000     24.850000   1.0383003E+01
  45.026514    0.204880    4.107115      0.0000     24.850000   1.0373225E+01
  45.029499    0.204879    4.107115      0.0000     24.850000   1.0362516E+01
  45.032782    0.204879    4.107115      0.0000     24.850000   1.0350730E+01
  45.036394    0.204879    4.107115      0.0000     24.850000   1.0337818E+01
  45.040367    0.204878    4.107115      0.0000     24.850000   1.0323617E+01
  45.044737    0.204878    4.107115      0.0000     24.850000   1.0308055E+01
  45.049544    0.204878    4.107116      0.0000     24.850000   1.0290952E+01
  45.054831    0.204877    4.107116      0.0000     24.850000   1.0272211E+01
  45.060648    0.204877    4.107116      0.0000     24.850000   1.0251625E+01
  45.067046    0.204876    4.107116      0.0000     24.850000   1.0229070E+01
  45.074084    0.204876    4.107116      0.0000     24.850000   1.0204310E+01
  45.081826    0.204875    4.107116      0.0000     24.850000   1.0177188E+01
  45.090341    0.204874    4.107116      0.0000     24.850000   1.0147436E+01
  45.099709    0.204874    4.107116      0.0000     24.850000   1.0114858E+01
  45.110013    0.204873    4.107116      0.0000     24.850000   1.0079147E+01
  45.121348    0.204872    4.107116      0.0000     24.850000   1.0040063E+01
  45.133816    0.204871    4.107116      0.0000     24.850000   9.9972584E+00
  45.147531    0.204870    4.107116      0.0000     24.850000   9.9504442E+00
  45.162617    0.204868    4.107116      0.0000     24.850000   9.8992224E+00
  45.179212    0.204867    4.107116      0.0000     24.850000   9.8432529E+00
  45.197467    0.204866    4.107117      0.0000     24.850000   9.7820850E+00
  45.217547    0.204864    4.107117      0.0000     24.850000   9.7153224E+00
  45.239635    0.204862    4.107117      0.0000     24.850000   9.6424595E+00
  45.263932    0.204861    4.107117      0.0000     24.850000   9.5630426E+00
  45.290658    0.204858    4.107117      0.0000     24.850000   9.4765121E+00
  45.320057    0.204856    4.107117      0.0000     24.850000   9.3823595E+00
  45.352397    0.204854    4.107117      0.0000     24.850000   9.2799762E+00
  45.387970    0.204851    4.107118      0.0000     24.850000   9.1688073E+00
  45.427100    0.204848    4.107118      0.0000     24.850000   9.0482073E+00
  45.470143    0.204845    4.107118      0.0000     24.850000   8.9175913E+00
  45.517491    0.204842    4.107118      0.0000     24.850000   8.7762992E+00
  45.569573    0.204838    4.107119      0.0000     24.850000   8.6237442E+00
  45.626864    0.204834    4.107119      0.0000     24.850000   8.4592864E+00
  45.689884    0.204830    4.107119      0.0000     24.850000   8.2823798E+00
  45.759205    0.204825    4.107120      0.0000     24.850000   8.0924568E+00
  45.835459    0.204820    4.107120      0.0000     24.850000   7.8890734E+00
  45.919338    0.204815    4.107121      0.0000     24.850000   7.6718056E+00
  46.011605    0.204809    4.107121      0.0000     24.850000   7.4403930E+00
  46.113099    0.204803    4.107121      0.0000     24.850000   7.1946474E+00
  46.224743    0.204797    4.107122      0.0000     24.850000   6.9345939E+00
  46.347550    0.204790    4.107122      0.0000     24.850000   6.6603907E+00
  46.482639    0.204783    4.107123      0.0000     24.850000   6.3724650E+00
  46.631236    0.204775    4.107124      0.0000     24.850000   6.0714411E+00
  46.794693    0.204767    4.107124      0.0000     24.850000   5.7582665E+00
  46.974495    0.204758    4.107125      0.0000     24.850000   5.4341428E+00
  47.172278    0.204750    4.107125      0.0000     24.850000   5.1006338E+00
  47.389839    0.204740    4.107126      0.0000     24.850000   4.7595908E+00
  47.629157    0.204731    4.107127      0.0000     24.850000   4.4132324E+00
  47.892406    0.204721    4.107127      0.0000     24.850000   4.0640532E+00
  48.181979    0.204711    4.107128      0.0000     24.850000   3.7148644E+00
  48.500511    0.204701    4.107128      0.0000     24.850000   3.3686748E+00
  48.850895    0.204691    4.107129      0.0000     24.850000   3.0286838E+00
  49.236318    0.204681    4.107130      0.0000     24.850000   2.6981311E+00
  49.660283    0.204671    4.107130      0.0000     24.850000   2.3802428E+00
  50.000000    0.204664    4.107131      0.0000     24.850000   2.1543319E+00
  50.000000    0.189634    4.172456    -80.0000     24.850000   2.8762596E+04
  50.000000    0.189634    4.172456    -80.0000     24.850000   2.8762596E+04
  50.000333    0.189003    4.173897    -80.0000     24.850000   2.9478563E+04
  50.000700    0.188586    4.174816    -80.0000     24.850000   2.9936197E+04
  50.001103    0.188240    4.175564    -80.0000     24.850000   3.0308005E+04
  50.001547    0.187927    4.176234    -80.0000     24.850000   3.0640228E+04
  50.002035    0.187630    4.176865    -80.0000     24.850000   3.0951758E+04
  50.002572    0.187341    4.177475    -80.0000     24.850000   3.1252261E+04
  50.003162    0.187055    4.178077    -80.0000     24.850000   3.1547492E+04
  50.003812    0.186768    4.178678    -80.0000     24.850000   3.1841240E+04
  50.004526    0.186478    4.179285    -80.0000     24.850000   3.2136220E+04
  50.005312    0.186184    4.179902    -80.0000     24.850000   3.2434490E+04
  50.006177    0.185883    4.180531    -80.0000     24.850000   3.2737704E+04
  50.007128    0.185575    4.181178    -80.0000     24.850000   3.3047237E+04
  50.008174    0.185258    4.181844    -80.0000     24.850000   3.3364283E+04
  50.009325    0.184931    4.182532    -80.0000     24.850000   3.3689897E+04
  50.010591    0.184594    4.183245    -80.0000     24.850000   3.4025040E+04
  50.011983    0.184245    4.183985    -80.0000     24.850000   3.4370595E+04
  50.013515    0.183883    4.184755    -80.0000     24.850000   3.4727393E+04
  50.015200    0.183509    4.185556    -80.0000     24.850000   3.5096209E+04
  50.017053    0.183120    4.186392    -80.0000     24.850000   3.5477782E+04
  50.019092    0.182716    4.187264    -80.0000     24.850000   3.5872806E+04
  50.021334    0.182296    4.188175    -80.0000     24.850000   3.6281937E+04
  50.023801    0.181859    4.189128    -80.0000     24.850000   3.6705780E+04
  50.026514    0.181404    4.190125    -80.0000     24.850000   3.7144893E+04
  50.029499    0.180931    4.191167    -80.0000     24.850000   3.7599763E+04
  50.032782    0.180439    4.192259    -80.0000     24.850000   3.8070806E+04
  50.036394    0.179927    4.193401    -80.0000     24.850000   3.8558338E+04
  50.040367    0.179393    4.194597    -80.0000     24.850000   3.9062557E+04
  50.044737    0.178837    4.195849    -80.0000     24.850000   3.9583511E+04
  50.049544    0.178259    4.197158    -80.0000     24.850000   4.0121068E+04
  50.054831    0.177658    4.198527    -80.0000     24.850000   4.0674868E+04
  50.060648    0.177033    4.199958    -80.0000     24.850000   4.1244277E+04
  50.067046    0.176385    4.201451    -80.0000     24.850000   4.1828321E+04
  50.074084    0.175713    4.203009    -80.0000     24.850000   4.2425622E+04
  50.081826    0.175017    4.204632    -80.0000     24.850000   4.3034308E+04
  50.090341    0.174299    4.206320    -80.0000     24.850000   4.3651929E+04
  50.099709    0.173559    4.208073    -80.0000     24.850000   4.4275343E+04
  50.110013    0.172800    4.209889    -80.0000     24.850000   4.4900609E+04
  50.121348    0.172025    4.211767    -80.0000     24.850000   4.5522863E+04
  50.133816    0.171237    4.213702    -80.0000     24.850000   4.6136204E+04
  50.147531    0.170440    4.215692    -80.0000     24.850000   4.6733570E+04
  50.162617    0.169640    4.217729    -80.0000     24.850000   4.7306656E+04
  50.179212    0.168841    4.219808    -80.0000     24.850000   4.7845839E+04
  50.197467    0.168050    4.221918    -80.0000     24.850000   4.8340164E+04
  50.217547    0.167273    4.224050    -80.0000     24.850000   4.8777361E+04
  50.239635    0.166515    4.226192    -80.0000     24.850000   4.9143945E+04
  50.263932    0.165781    4.228328    -80.0000     24.850000   4.9425353E+04
  50.290658    0.165075    4.230446    -80.0000     24.850000   4.9606193E+04
  50.320057    0.164400    4.232526    -80.0000     24.850000   4.9670629E+04
  50.352397    0.163756    4.234552    -80.0000     24.850000   4.9603026E+04
  50.387970    0.163146    4.236507    -80.0000     24.850000   4.9388978E+04
  50.427100    0.162568    4.238374    -80.0000     24.850000   4.9016903E+04
  50.470143    0.162024    4.240140    -80.0000     24.850000   4.8480299E+04
  50.517491    0.161512    4.241798    -80.0000     24.850000   4.7780740E+04
  50.569573    0.161030    4.243351    -80.0000     24.850000   4.6931590E+04
  50.626864    0.160576    4.244824    -80.0000     24.850000   4.5962555E+04
  50.689884    0.160149    4.246276    -80.0000     24.850000   4.4924943E+04
  50.759205    0.159745    4.247814    -80.0000     24.850000   4.3895214E+04
  50.835459    0.159360    4.249596    -80.0000     24.850000   4.2970446E+04
  50.919338    0.158987    4.251810    -80.0000     24.850000   4.2256141E+04
  51.011605    0.158618    4.254689    -80.0000     24.850000   4.1864642E+04
  51.113099    0.158239    4.258579    -80.0000     24.850000   4.1943335E+04
  51.224743    0.157831    4.264117    -80.0000     24.850000   4.2737508E+04
  51.347550    0.157369    4.272164    -80.0000     24.850000   4.4575394E+04
  51.482639    0.156824    4.282146    -80.0000     24.850000   4.7274187E+04
  51.631236    0.156178    4.290998    -80.0000     24.850000   4.9720553E+04
  51.794693    0.155431    4.297164    -80.0000     24.850000   5.1189846E+04
  51.974495    0.154592    4.301497    -80.0000     24.850000   5.1475550E+04
  52.172278    0.153657    4.305174    -80.0000     24.850000   5.0165754E+04
  52.389839    0.152607    4.308991    -80.0000     24.850000   4.7419844E+04
  52.629157    0.151418    4.313401    -80.0000     24.850000   4.4442751E+04
  52.892406    0.150064    4.318642    -80.0000     24.850000   4.3119449E+04
  53.181979    0.148528    4.324848    -80.0000     24.850000   4.3654420E+04
  53.500511    0.146788    4.332105    -80.0000     24.850000   4.4866182E+04
  53.850895    0.144820    4.340470    -80.0000     24.850000   4.6178180E+04
  54.236318    0.142596    4.349975    -80.0000     24.850000   4.7445377E+04
  54.660283    0.140075    4.360626    -80.0000     24.850000   4.8641840E+04
  55.000000    0.137973    4.369213    -80.0000     24.850000   4.9495027E+04
  55.000000    0.171647    4.241995     93.0000     24.850000   1.0071134E+04
  55.000000    0.171647    4.241995     93.0000     24.850000   1.0071134E+04
  55.000333    0.175059    4.240749     93.0000     24.850000   1.1860476E+04
  55.000700    0.176577    4.239954     93.0000     24.850000   1.2752460E+04
  55.001103    0.177566    4.239305     93.0000     24.850000   1.3384980E+04
  55.001547    0.178319    4.238723     93.0000     24.850000   1.3901269E+04
  55.002035    0.178942    4.238174     93.0000     24.850000   1.4354172E+04
  55.002572    0.179482    4.237641     93.0000     24.850000   1.4768815E+04
  55.003162    0.179966    4.237115     93.0000     24.850000   1.5159291E+04
  55.003812    0.180411    4.236589     93.0000     24.850000   1.5534354E+04
  55.004526    0.180826    4.236057     93.0000     24.850000   1.5899959E+04
  55.005312    0.181220    4.235516     93.0000     24.850000   1.6260374E+04
  55.006177    0.181597    4.234963     93.0000     24.850000   1.6618868E+04
  55.007128    0.181961    4.234394     93.0000     24.850000   1.6978017E+04
  55.008174    0.182316    4.233807     93.0000     24.850000   1.7339966E+04
  55.009325    0.182664    4.233199     93.0000     24.850000   1.7706530E+04
  55.010591    0.183006    4.232570     93.0000     24.850000   1.8079322E+04
  55.011983    0.183345    4.231915     93.0000     24.850000   1.8459779E+04
  55.013515    0.183682    4.231233     93.0000     24.850000   1.8849242E+04
  55.015200    0.184017    4.230522     93.0000     24.850000   1.9248957E+04
  55.017053    0.184353    4.229779     93.0000     24.850000   1.9660130E+04
  55.019092    0.184690    4.229002     93.0000     24.850000   2.0083914E+04
  55.021334    0.185028    4.228188     93.0000     24.850000   2.0521453E+04
  55.023801    0.185368    4.227335     93.0000     24.850000   2.0973867E+04
  55.026514    0.185712    4.226441     93.0000     24.850000   2.1442284E+04
  55.029499    0.186058    4.225502     93.0000     24.850000   2.1927825E+04
  55.032782    0.186409    4.224516     93.0000     24.850000   2.2431633E+04
  55.036394    0.186763    4.223480     93.0000     24.850000   2.2954849E+04
  55.040367    0.187122    4.222390     93.0000     24.850000   2.3498648E+04
  55.044737    0.187486    4.221243     93.0000     24.850000   2.4064207E+04
  55.049544    0.187855    4.220036     93.0000     24.850000   2.4652735E+04
  55.054831    0.188230    4.218765     93.0000     24.850000   2.5265447E+04
  55.060648    0.188611    4.217426     93.0000     24.850000   2.5903583E+04
  55.067046    0.188998    4.216015     93.0000     24.850000   2.6568382E+04
  55.074084    0.189392    4.214528     93.0000     24.850000   2.7261099E+04
  55.081826    0.189793    4.212961     93.0000     24.850000   2.7982965E+04
  55.090341    0.190201    4.211309     93.0000     24.850000   2.8735204E+04
  55.099709    0.190616    4.209566     93.0000     24.850000   2.9518985E+04
  55.110013    0.191039    4.207729     93.0000     24.850000   3.0335423E+04
  55.121348    0.191469    4.205792     93.0000     24.850000   3.1185521E+04
  55.133816    0.191907    4.203749     93.0000     24.850000   3.2070157E+04
  55.147531    0.192353    4.201596     93.0000     24.850000   3.2990002E+04
  55.162617    0.192805    4.199327     93.0000     24.850000   3.3945485E+04
  55.179212    0.193264    4.196937     93.0000     24.850000   3.4936683E+04
  55.197467    0.193729    4.194421     93.0000     24.850000   3.5963243E+04
  55.217547    0.194199    4.191777     93.0000     24.850000   3.7024230E+04
  55.239635    0.194673    4.189001     93.0000     24.850000   3.8117992E+04
  55.263932    0.195150    4.186092     93.0000     24.850000   3.9241944E+04
  55.290658    0.195630    4.183052     93.0000     24.850000   4.0392374E+04
  55.320057    0.196110    4.179885     93.0000     24.850000   4.1564162E+04
  55.352397    0.196592    4.176598     93.0000     24.850000   4.2750543E+04
  55.387970    0.197073    4.173205     93.0000     24.850000   4.3942814E+04
  55.427100    0.197554    4.169722     93.0000     24.850000   4.5130142E+04
  55.470143    0.198034    4.166171     93.0000     24.850000   4.6299432E+04
  55.517491    0.198514    4.162582     93.0000     24.850000   4.7435550E+04
  55.569573    0.198998    4.158987     93.0000     24.850000   4.8522304E+04
  55.626864    0.199494    4.155422     93.0000     24.850000   4.9545770E+04
  55.689884    0.200029    4.151908     93.0000     24.850000   5.0503810E+04
  55.759205    0.200646    4.148402     93.0000     24.850000   5.1430139E+04
  55.835459    0.201396    4.144673     93.0000     24.850000   5.2441331E+04
  55.919338    0.202313    4.140248     93.0000     24.850000   5.3753512E+04
  56.011605    0.203417    4.134629     93.0000     24.850000   5.5593036E+04
  56.113099    0.204738    4.127396     93.0000     24.850000   5.8154342E+04
  56.224743    0.206347    4.118209     93.0000     24.850000   6.1605522E+04
  56.347550    0.208396    4.107536     93.0000     24.850000   6.5799538E+04
  56.482639    0.211162    4.097691     93.0000     24.850000   6.9856092E+04
  56.631236    0.214921    4.090023     93.0000     24.850000   7.3228490E+04
  56.794693    0.219538    4.083570     93.0000     24.850000   7.5790418E+04
  56.974495    0.224325    4.077101     93.0000     24.850000   7.6917377E+04
  57.172278    0.228456    4.069549     93.0000     24.850000   7.6887054E+04
  57.389839    0.231641    4.059796     93.0000     24.850000   7.6741704E+04
  57.629157    0.233904    4.046514     93.0000     24.850000   7.8234688E+04
  57.892406    0.235586    4.028720     93.0000     24.850000   8.2689064E+04
  58.181979    0.237347    4.008260     93.0000     24.850000   8.7537760E+04
  58.500511    0.239344    3.990071     93.0000     24.850000   8.8600877E+04
  58.850895    0.241557    3.976479     93.0000     24.850000   8.3958102E+04
  59.236318    0.243980    3.965788     93.0000     24.850000   7.6666681E+04
  59.660283    0.246660    3.955908     93.0000     24.850000   7.0665444E+04
  60.000000    0.248891    3.948254     93.0000     24.850000   6.8376136E+04
  60.000000    0.231570    4.034144      0.0000     24.850000   1.0106767E+03
  60.000000    0.231570    4.034144      0.0000     24.850000   1.0106767E+03
  60.000333    0.230844    4.034627      0.0000     24.850000   9.1752184E+02
  60.000700    0.230420    4.034937      0.0000     24.850000   8.6340264E+02
  60.001103    0.230096    4.035191      0.0000     24.850000   8.2238079E+02
  60.001547    0.229821    4.035419      0.0000     24.850000   7.8778587E+02
  60.002035    0.229574    4.035635      0.0000     24.850000   7.5696984E+02
  60.002572    0.229345    4.035845      0.0000     24.850000   7.2863271E+02
  60.003162    0.229129    4.036054      0.0000     24.850000   7.0203179E+02
  60.003812    0.228920    4.036263      0.0000     24.850000   6.7671381E+02
  60.004526    0.228718    4.036474      0.0000     24.850000   6.5237699E+02
  60.005312    0.228520    4.036690      0.0000     24.850000   6.2882098E+02
  60.006177    0.228324    4.036912      0.0000     24.850000   6.0590332E+02
  60.007128    0.228131    4.037140      0.0000     24.850000   5.8352942E+02
  60.008174    0.227938    4.037376      0.0000     24.850000   5.6163218E+02
  60.009325    0.227745    4.037620      0.0000     24.850000   5.4017252E+02
  60.010591    0.227552    4.037874      0.0000     24.850000   5.1912683E+02
  60.011983    0.227358    4.038138      0.0000     24.850000   4.9849083E+02
  60.013515    0.227162    4.038414      0.0000     24.850000   4.7827031E+02
  60.015200    0.226965    4.038701      0.0000     24.850000   4.5848620E+02
  60.017053    0.226766    4.039002      0.0000     24.850000   4.3916687E+02
  60.019092    0.226564    4.039316      0.0000     24.850000   4.2035365E+02
  60.021334    0.226359    4.039645      0.0000     24.850000   4.0209403E+02
  60.023801    0.226152    4.039989      0.0000     24.850000   3.8444718E+02
  60.026514    0.225941    4.040350      0.0000     24.850000   3.6747775E+02
  60.029499    0.225726    4.040729      0.0000     24.850000   3.5126125E+02
  60.032782    0.225508    4.041125      0.0000     24.850000   3.3587803E+02
  60.036394    0.225285    4.041541      0.0000     24.850000   3.2141847E+02
  60.040367    0.225058    4.041977      0.0000     24.850000   3.0797698E+02
  60.044737    0.224826    4.042434      0.0000     24.850000   2.9565676E+02
  60.049544    0.224589    4.042912      0.0000     24.850000   2.8456365E+02
  60.054831    0.224346    4.043413      0.0000     24.850000   2.7481037E+02
  60.060648    0.224098    4.043938      0.0000     24.850000   2.6651006E+02
  60.067046    0.223844    4.044487      0.0000     24.850000   2.5977988E+02
  60.074084    0.223584    4.045060      0.0000     24.850000   2.5473412E+02
  60.081826    0.223318    4.045659      0.0000     24.850000   2.5148716E+02
  60.090341    0.223044    4.046284      0.0000     24.850000   2.5014607E+02
  60.099709    0.222764    4.046935      0.0000     24.850000   2.5081287E+02
  60.110013    0.222476    4.047613      0.0000     24.850000   2.5357656E+02
  60.121348    0.222180    4.048317      0.0000     24.850000   2.5851470E+02
  60.133816    0.221876    4.049047      0.0000     24.850000   2.6568484E+02
  60.147531    0.221564    4.049803      0.0000     24.850000   2.7512531E+02
  60.162617    0.221243    4.050584      0.0000     24.850000   2.8684617E+02
  60.179212    0.220914    4.051389      0.0000     24.850000   3.0082938E+02
  60.197467    0.220576    4.052216      0.0000     24.850000   3.1701928E+02
  60.217547    0.220229    4.053065      0.0000     24.850000   3.3532236E+02
  60.239635    0.219875    4.053934      0.0000     24.850000   3.5559757E+02
  60.263932    0.219513    4.054819      0.0000     24.850000   3.7765574E+02
  60.290658    0.219146    4.055720      0.0000     24.850000   4.0124982E+02
  60.320057    0.218775    4.056633      0.0000     24.850000   4.2607445E+02
  60.352397    0.218402    4.057555      0.0000     24.850000   4.5175680E+02
  60.387970    0.218030    4.058483      0.0000     24.850000   4.7785790E+02
  60.427100    0.217662    4.059413      0.0000     24.850000   5.0386669E+02
  60.470143    0.217302    4.060342      0.0000     24.850000   5.2920682E+02
  60.517491    0.216953    4.061265      0.0000     24.850000   5.5323854E+02
  60.569573    0.216620    4.062178      0.0000     24.850000   5.7527582E+02
  60.626864    0.216305    4.063074      0.0000     24.850000   5.9460020E+02
  60.689884    0.216011    4.063950      0.0000     24.850000   6.1049050E+02
  60.759205    0.215739    4.064800      0.0000     24.850000   6.2224804E+02
  60.835459    0.215489    4.065616      0.0000     24.850000   6.2923538E+02
  60.919338    0.215261    4.066395      0.0000     24.850000   6.3090721E+02
  61.011605    0.215051    4.067129      0.0000     24.850000   6.2685324E+02
  61.113099    0.214854    4.067814      0.0000     24.850000   6.1683456E+02
  61.224743    0.214664    4.068445      0.0000     24.850000   6.0083621E+02
  61.347550    0.214477    4.069020      0.0000     24.850000   5.7911043E+02
  61.482639    0.214286    4.069536      0.0000     24.850000   5.5221023E+02
  61.631236    0.214088    4.069993      0.0000     24.850000   5.2096118E+02
  61.794693    0.213884    4.070391      0.0000     24.850000   4.8637862E+02
  61.974495    0.213672    4.070733      0.0000     24.850000   4.4953717E+02
  62.172278    0.213456    4.071022      0.0000     24.850000   4.1146026E+02
  62.389839    0.213237    4.071262      0.0000     24.850000   3.7304334E+02
  62.629157    0.213017    4.071456      0.0000     24.850000   3.3503142E+02
  62.892406    0.212798    4.071611      0.0000     24.850000   2.9801995E+02
  63.181979    0.212581    4.071732      0.0000     24.850000   2.6247931E+02
  63.500511    0.212369    4.071824      0.0000     24.850000   2.2877622E+02
  63.850895    0.212163    4.071892      0.0000     24.850000   1.9719988E+02
  64.236318    0.211964    4.071943      0.0000     24.850000   1.6797563E+02
  64.660283    0.211773    4.071982      0.0000     24.850000   1.4127713E+02
  65.000000    0.211637    4.072006      0.0000     24.850000   1.2308502E+02
  65.000000    0.234741    3.980340    123.0000     24.850000   6.3155875E+04
  65.000000    0.234741    3.980340    123.0000     24.850000   6.3155875E+04
  65.000333    0.235000    3.979482    123.0000     24.850000   6.3765868E+04
  65.000700    0.235163    3.978944    123.0000     24.850000   6.4145526E+04
  65.001103    0.235296    3.978509    123.0000     24.850000   6.4450548E+04
  65.001547    0.235416    3.978120    123.0000     24.850000   6.4721066E+04
  65.002035    0.235528    3.977756    123.0000     24.850000   6.4973317E+04
  65.002572    0.235637    3.977403    123.0000     24.850000   6.5215470E+04
  65.003162    0.235744    3.977056    123.0000     24.850000   6.5452406E+04
  65.003812    0.235850    3.976710    123.0000     24.850000   6.5687266E+04
  65.004526    0.235958    3.976361    123.0000     24.850000   6.5922318E+04
  65.005312    0.236066    3.976007    123.0000     24.850000   6.6159228E+04
  65.006177    0.236176    3.975645    123.0000     24.850000   6.6399346E+04
  65.007128    0.236288    3.975273    123.0000     24.850000   6.6643751E+04
  65.008174    0.236403    3.974890    123.0000     24.850000   6.6893392E+04
  65.009325    0.236521    3.974495    123.0000     24.850000   6.7149066E+04
  65.010591    0.236642    3.974085    123.0000     24.850000   6.7411518E+04
  65.011983    0.236767    3.973660    123.0000     24.850000   6.7681401E+04
  65.013515    0.236895    3.973217    123.0000     24.850000   6.7959346E+04
  65.015200    0.237026    3.972755    123.0000     24.850000   6.8245924E+04
  65.017053    0.237162    3.972272    123.0000     24.850000   6.8541706E+04
  65.019092    0.237301    3.971768    123.0000     24.850000   6.8847217E+04
  65.021334    0.237444    3.971239    123.0000     24.850000   6.9162996E+04
  65.023801    0.237592    3.970685    123.0000     24.850000   6.9489545E+04
  65.026514    0.237743    3.970104    123.0000     24.850000   6.9827390E+04
  65.029499    0.237897    3.969492    123.0000     24.850000   7.0177032E+04
  65.032782    0.238056    3.968849    123.0000     24.850000   7.0539002E+04
  65.036394    0.238217    3.968171    123.0000     24.850000   7.0913821E+04
  65.040367    0.238382    3.967457    123.0000     24.850000   7.1302058E+04
  65.044737    0.238549    3.966703    123.0000     24.850000   7.1704298E+04
  65.049544    0.238718    3.965906    123.0000     24.850000   7.2121220E+04
  65.054831    0.238890    3.965063    123.0000     24.850000   7.2553593E+04
  65.060648    0.239063    3.964171    123.0000     24.850000   7.3002392E+04
  65.067046    0.239237    3.963224    123.0000     24.850000   7.3468862E+04
  65.074084    0.239414    3.962221    123.0000     24.850000   7.3954730E+04
  65.081826    0.239595    3.961154    123.0000     24.850000   7.4462378E+04
  65.090341    0.239782    3.960020    123.0000     24.850000   7.4995156E+04
  65.099709    0.239979    3.958813    123.0000     24.850000   7.5557578E+04
  65.110013    0.240192    3.957526    123.0000     24.850000   7.6155489E+04
  65.121348    0.240430    3.956154    123.0000     24.850000   7.6795897E+04
  65.133816    0.240701    3.954690    123.0000     24.850000   7.7486624E+04
  65.147531    0.241013    3.953127    123.0000     24.850000   7.8235717E+04
  65.162617    0.241375    3.951457    123.0000     24.850000   7.9050984E+04
  65.179212    0.241795    3.949672    123.0000     24.850000   7.9939629E+04
  65.197467    0.242277    3.947763    123.0000     24.850000   8.0908172E+04
  65.217547    0.242828    3.945724    123.0000     24.850000   8.1962419E+04
  65.239635    0.243451    3.943545    123.0000     24.850000   8.3107538E+04
  65.263932    0.244150    3.941219    123.0000     24.850000   8.4348025E+04
  65.290658    0.244929    3.938737    123.0000     24.850000   8.5687684E+04
  65.320057    0.245791    3.936092    123.0000     24.850000   8.7129486E+04
  65.352397    0.246740    3.933278    123.0000     24.850000   8.8675448E+04
  65.387970    0.247779    3.930289    123.0000     24.850000   9.0326413E+04
  65.427100    0.248911    3.927118    123.0000     24.850000   9.2081895E+04
  65.470143    0.250139    3.923763    123.0000     24.850000   9.3939850E+04
  65.517491    0.251467    3.920218    123.0000     24.850000   9.5896527E+04
  65.569573    0.252897    3.916480    123.0000     24.850000   9.7946292E+04
  65.626864    0.254434    3.912546    123.0000     24.850000   1.0008156E+05
  65.689884    0.256079    3.908412    123.0000     24.850000   1.0229274E+05
  65.759205    0.257837    3.904075    123.0000     24.850000   1.0456836E+05
  65.835459    0.259713    3.899531    123.0000     24.850000   1.0689517E+05
  65.919338    0.261713    3.894777    123.0000     24.850000   1.0925827E+05
  66.011605    0.263845    3.889810    123.0000     24.850000   1.1164124E+05
  66.113099    0.266118    3.884626    123.0000     24.850000   1.1402645E+05
  66.224743    0.268542    3.879225    123.0000     24.850000   1.1639556E+05
  66.347550    0.271131    3.873608    123.0000     24.850000   1.1873034E+05
  66.482639    0.273903    3.867778    123.0000     24.850000   1.2101409E+05
  66.631236    0.276884    3.861746    123.0000     24.850000   1.2323390E+05
  66.794693    0.280112    3.855525    123.0000     24.850000   1.2538510E+05
  66.974495    0.283662    3.849136    123.0000     24.850000   1.2748431E+05
  67.172278    0.287754    3.842610    123.0000     24.850000   1.2962623E+05
  67.389839    0.292999    3.835999    123.0000     24.850000   1.3211741E+05
  67.629157    0.299987    3.829390    123.0000     24.850000   1.3525550E+05
  67.892406    0.308613    3.822911    123.0000     24.850000   1.3891032E+05
  68.181979    0.317341    3.816685    123.0000     24.850000   1.4190581E+05
  68.471553    0.325243    3.811316    123.0000     24.850000   1.4378583E+05
  68.761127    0.333382    3.806628    123.0000     24.850000   1.4544947E+05
  69.050701    0.342072    3.802381    123.0000     24.850000   1.4721140E+05
  69.340275    0.351353    3.798400    123.0000     24.850000   1.4920514E+05
  69.629849    0.360989    3.794576    123.0000     24.850000   1.5135575E+05
  69.919423    0.370657    3.790819    123.0000     24.850000   1.5348802E+05
  70.000000    0.373550    3.789774    123.0000     24.850000   1.5421478E+05
  70.000000    0.350441    3.911055      0.0000     24.850000   9.9897920E+03
  70.000000    0.350441    3.911055      0.0000     24.850000   9.9897920E+03
  70.000333    0.342572    3.911291      0.0000     24.850000   6.2489241E+03
  70.000700    0.339483    3.911455      0.0000     24.850000   4.9082932E+03
  70.001103    0.337576    3.911597      0.0000     24.850000   4.1312192E+03
  70.001547    0.336167    3.911731      0.0000     24.850000   3.5840084E+03
  70.002035    0.335027    3.911862      0.0000     24.850000   3.1588004E+03
  70.002572    0.334054    3.911994      0.0000     24.850000   2.8090284E+03
  70.003162    0.333195    3.912129      0.0000     24.850000   2.5106597E+03
  70.003812    0.332417    3.912268      0.0000     24.850000   2.2498279E+03
  70.004526    0.331699    3.912412      0.0000     24.850000   2.0178247E+03
  70.005312    0.331029    3.912562      0.0000     24.850000   1.8089040E+03
  70.006177    0.330395    3.912720      0.0000     24.850000   1.6190791E+03
  70.007128    0.329790    3.912885      0.0000     24.850000   1.4455376E+03
  70.008174    0.329209    3.913059      0.0000     24.850000   1.2862246E+03
  70.009325    0.328647    3.913242      0.0000     24.850000   1.1396534E+03
  70.010591    0.328100    3.913436      0.0000     24.850000   1.0047178E+03
  70.011983    0.327564    3.913641      0.0000     24.850000   8.8062884E+02
  70.013515    0.327038    3.913858      0.0000     24.850000   7.6681140E+02
  70.015200    0.326518    3.914088      0.0000     24.850000   6.6288858E+02
  70.017053    0.326003    3.914332      0.0000     24.850000   5.6861436E+02
  70.019092    0.325489    3.914591      0.0000     24.850000   4.8387798E+02
  70.021334    0.324976    3.914865      0.0000     24.850000   4.0865432E+02
  70.023801    0.324462    3.915155      0.0000     24.850000   3.4301738E+02
  70.026514    0.323944    3.915463      0.0000     24.850000   2.8709967E+02
  70.029499    0.323421    3.915789      0.0000     24.850000   2.4110946E+02
  70.032782    0.322891    3.916135      0.0000     24.850000   2.0529418E+02
  70.036394    0.322352    3.916501      0.0000     24.850000   1.7995753E+02
  70.040367    0.321802    3.916888      0.0000     24.850000   1.6542274E+02
  70.044737    0.321239    3.917296      0.0000     24.850000   1.6204594E+02
  70.049544    0.320661    3.917728      0.0000     24.850000   1.7017593E+02
  70.054831    0.320066    3.918183      0.0000     24.850000   1.9016208E+02
  70.060648    0.319452    3.918663      0.0000     24.850000   2.2231071E+02
  70.067046    0.318818    3.919167      0.0000     24.850000   2.6689131E+02
  70.074084    0.318160    3.919697      0.0000     24.850000   3.2409711E+02
  70.081826    0.317478    3.920253      0.0000     24.850000   3.9406122E+02
  70.090341    0.316769    3.920835      0.0000     24.850000   4.7683364E+02
  70.099709    0.316032    3.921443      0.0000     24.850000   5.7241502E+02
  70.110013    0.315266    3.922078      0.0000     24.850000   6.8074506E+02
  70.121348    0.314469    3.922738      0.0000     24.850000   8.0173271E+02
  70.133816    0.313640    3.923424      0.0000     24.850000   9.3522285E+02
  70.147531    0.312778    3.924135      0.0000     24.850000   1.0809916E+03
  70.162617    0.311883    3.924869      0.0000     24.850000   1.2386745E+03
  70.179212    0.310954    3.925626      0.0000     24.850000   1.4077293E+03
  70.197467    0.309991    3.926403      0.0000     24.850000   1.5873324E+03
  70.217547    0.308995    3.927199      0.0000     24.850000   1.7762908E+03
  70.239635    0.307964    3.928011      0.0000     24.850000   1.9728557E+03
  70.263932    0.306899    3.928837      0.0000     24.850000   2.1745705E+03
  70.290658    0.305799    3.929672      0.0000     24.850000   2.3781344E+03
  70.320057    0.304663    3.930514      0.0000     24.850000   2.5794248E+03
  70.352397    0.303487    3.931360      0.0000     24.850000   2.7733937E+03
  70.387970    0.302265    3.932204      0.0000     24.850000   2.9533695E+03
  70.427100    0.300975    3.933043      0.0000     24.850000   3.1085407E+03
  70.470143    0.299565    3.933871      0.0000     24.850000   3.2174643E+03
  70.517491    0.297915    3.934681      0.0000     24.850000   3.2377975E+03
  70.569573    0.295863    3.935462      0.0000     24.850000   3.1291889E+03
  70.626864    0.293416    3.936203      0.0000     24.850000   2.9293209E+03
  70.689884    0.290743    3.936901      0.0000     24.850000   2.7122520E+03
  70.759205    0.287982    3.937557      0.0000     24.850000   2.5134446E+03
  70.835459    0.285216    3.938176      0.0000     24.850000   2.3395007E+03
  70.919338    0.282493    3.938757      0.0000     24.850000   2.1875597E+03
  71.011605    0.279842    3.939302      0.0000     24.850000   2.0527643E+03
  71.113099    0.277280    3.939807      0.0000     24.850000   1.9304312E+03
  71.224743    0.274815    3.940270      0.0000     24.850000   1.8167174E+03
  71.347550    0.272450    3.940688      0.0000     24.850000   1.7088085E+03
  71.482639    0.270185    3.941056      0.0000     24.850000   1.6049065E+03
  71.631236    0.268016    3.941373      0.0000     24.850000   1.5040549E+03
  71.794693    0.265941    3.941639      0.0000     24.850000   1.4059060E+03
  71.974495    0.263961    3.941853      0.0000     24.850000   1.3104694E+03
  72.172278    0.262073    3.942019      0.0000     24.850000   1.2179229E+03
  72.389839    0.260280    3.942141      0.0000     24.850000   1.1284734E+03
  72.629157    0.258583    3.942224      0.0000     24.850000   1.0422893E+03
  72.892406    0.256985    3.942273      0.0000     24.850000   9.5946522E+02
  73.181979    0.255491    3.942295      0.0000     24.850000   8.8002706E+02
  73.500511    0.254105    3.942293      0.0000     24.850000   8.0394400E+02
  73.850895    0.252830    3.942275      0.0000     24.850000   7.3115841E+02
  74.236318    0.251672    3.942243      0.0000     24.850000   6.6160770E+02
  74.660283    0.250632    3.942203      0.0000     24.850000   5.9525060E+02
  75.000000    0.249932    3.942170      0.0000     24.850000   5.4805348E+02
