 Now running DUAL...
 Resistances in each portion of the cell, from a simple (delta V) / I
 Time       Cur Den      R Anode       R Separator
       R Cathode        R Total
 (min)      (A/m^2)     (ohm-m^2)       (ohm-m^2)
        (ohm-m^2)      (ohm-m^2)
  
*********,      0.00000,   0.00000, 
    0.000,      0.00000,  24.85000, 
    0.001,      0.00000,  24.85000, 
    0.001,      0.00000,  24.85000, 
    0.001,      0.00000,  24.85000, 
    0.002,      0.00000,  24.85000, 
    0.002,      0.00000,  24.85000, 
    0.003,      0.00000,  24.85000, 
    0.003,      0.00000,  24.85000, 
    0.004,      0.00000,  24.85000, 
    0.005,      0.00000,  24.85000, 
    0.006,      0.00000,  24.85000, 
    0.007,      0.00000,  24.85000, 
    0.007,      0.00000,  24.85000, 
    0.009,      0.00000,  24.85000, 
    0.010,      0.00000,  24.85000, 
    0.011,      0.00000,  24.85000, 
    0.012,      0.00000,  24.85000, 
    0.014,      0.00000,  24.85000, 
    0.016,      0.00000,  24.85000, 
    0.017,      0.00000,  24.85000, 
    0.019,      0.00000,  24.85000, 
    0.022,      0.00000,  24.85000, 
    0.024,      0.00000,  24.85000, 
    0.027,      0.00000,  24.85000, 
    0.030,      0.00000,  24.85000, 
    0.033,      0.00000,  24.85000, 
    0.037,      0.00000,  24.85000, 
    0.041,      0.00000,  24.85000, 
    0.045,      0.00000,  24.85000, 
    0.050,      0.00000,  24.85000, 
    0.055,      0.00000,  24.85000, 
    0.061,      0.00000,  24.85000, 
    0.067,      0.00000,  24.85000, 
    0.074,      0.00000,  24.85000, 
    0.082,      0.00000,  24.85000, 
    0.091,      0.00000,  24.85000, 
    0.100,      0.00000,  24.85000, 
    0.110,      0.00000,  24.85000, 
    0.122,      0.00000,  24.85000, 
    0.134,      0.00000,  24.85000, 
    0.148,      0.00000,  24.85000, 
    0.163,      0.00000,  24.85000, 
    0.180,      0.00000,  24.85000, 
    0.198,      0.00000,  24.85000, 
    0.218,      0.00000,  24.85000, 
    0.240,      0.00000,  24.85000, 
    0.264,      0.00000,  24.85000, 
    0.291,      0.00000,  24.85000, 
    0.320,      0.00000,  24.85000, 
    0.353,      0.00000,  24.85000, 
    0.388,      0.00000,  24.85000, 
    0.427,      0.00000,  24.85000, 
    0.470,      0.00000,  24.85000, 
    0.518,      0.00000,  24.85000, 
    0.570,      0.00000,  24.85000, 
    0.627,      0.00000,  24.85000, 
    0.690,      0.00000,  24.85000, 
    0.760,      0.00000,  24.85000, 
    0.836,      0.00000,  24.85000, 
    0.920,      0.00000,  24.85000, 
    1.012,      0.00000,  24.85000, 
    1.113,      0.00000,  24.85000, 
    1.225,      0.00000,  24.85000, 
    1.348,      0.00000,  24.85000, 
    1.483,      0.00000,  24.85000, 
    1.632,      0.00000,  24.85000, 
    1.795,      0.00000,  24.85000, 
    1.975,      0.00000,  24.85000, 
    2.173,      0.00000,  24.85000, 
    2.390,      0.00000,  24.85000, 
    2.629,      0.00000,  24.85000, 
    2.893,      0.00000,  24.85000, 
    3.182,      0.00000,  24.85000, 
    3.501,      0.00000,  24.85000, 
    3.851,      0.00000,  24.85000, 
    4.237,      0.00000,  24.85000, 
    4.661,      0.00000,  24.85000, 
    5.000,      0.00000,  24.85000, 
    5.000,      0.00000,  24.85000, 
    5.000,      0.00000,  24.85000, 
    5.000,      0.00000,  24.85000, 
    5.001,      0.00000,  24.85000, 
    5.001,      0.00000,  24.85000, 
    5.002,      0.00000,  24.85000, 
    5.002,      0.00000,  24.85000, 
    5.003,      0.00000,  24.85000, 
    5.003,      0.00000,  24.85000, 
    5.004,      0.00000,  24.85000, 
    5.005,      0.00000,  24.85000, 
    5.005,      0.00000,  24.85000, 
    5.006,      0.00000,  24.85000, 
    5.007,      0.00000,  24.85000, 
    5.008,      0.00000,  24.85000, 
    5.009,      0.00000,  24.85000, 
    5.011,      0.00000,  24.85000, 
    5.012,      0.00000,  24.85000, 
    5.014,      0.00000,  24.85000, 
    5.015,      0.00000,  24.85000, 
    5.017,      0.00000,  24.85000, 
    5.019,      0.00000,  24.85000, 
    5.021,      0.00000,  24.85000, 
    5.024,      0.00000,  24.85000, 
    5.027,      0.00000,  24.85000, 
    5.029,      0.00000,  24.85000, 
    5.033,      0.00000,  24.85000, 
    5.036,      0.00000,  24.85000, 
    5.040,      0.00000,  24.85000, 
    5.045,      0.00000,  24.85000, 
    5.050,      0.00000,  24.85000, 
    5.055,      0.00000,  24.85000, 
    5.061,      0.00000,  24.85000, 
    5.067,      0.00000,  24.85000, 
    5.074,      0.00000,  24.85000, 
    5.082,      0.00000,  24.85000, 
    5.090,      0.00000,  24.85000, 
    5.100,      0.00000,  24.85000, 
    5.110,      0.00000,  24.85000, 
    5.121,      0.00000,  24.85000, 
    5.134,      0.00000,  24.85000, 
    5.148,      0.00000,  24.85000, 
    5.163,      0.00000,  24.85000, 
    5.179,      0.00000,  24.85000, 
    5.197,      0.00000,  24.85000, 
    5.218,      0.00000,  24.85000, 
    5.240,      0.00000,  24.85000, 
    5.264,      0.00000,  24.85000, 
    5.291,      0.00000,  24.85000, 
    5.320,      0.00000,  24.85000, 
    5.352,      0.00000,  24.85000, 
    5.388,      0.00000,  24.85000, 
    5.427,      0.00000,  24.85000, 
    5.470,      0.00000,  24.85000, 
    5.517,      0.00000,  24.85000, 
    5.570,      0.00000,  24.85000, 
    5.627,      0.00000,  24.85000, 
    5.690,      0.00000,  24.85000, 
    5.759,      0.00000,  24.85000, 
    5.835,      0.00000,  24.85000, 
    5.919,      0.00000,  24.85000, 
    6.012,      0.00000,  24.85000, 
    6.113,      0.00000,  24.85000, 
    6.225,      0.00000,  24.85000, 
    6.348,      0.00000,  24.85000, 
    6.483,      0.00000,  24.85000, 
    6.631,      0.00000,  24.85000, 
    6.795,      0.00000,  24.85000, 
    6.974,      0.00000,  24.85000, 
    7.172,      0.00000,  24.85000, 
    7.390,      0.00000,  24.85000, 
    7.629,      0.00000,  24.85000, 
    7.892,      0.00000,  24.85000, 
    8.182,      0.00000,  24.85000, 
    8.501,      0.00000,  24.85000, 
    8.851,      0.00000,  24.85000, 
    9.236,      0.00000,  24.85000, 
    9.660,      0.00000,  24.85000, 
   10.000,      0.00000,  24.85000, 
10.00000,    11.00,    0.17655E-03,    0.22067E-04,    0.90832E-03,    0.11069E-02
   10.000,     11.00000,  24.85000, 
10.00000,    11.00,    0.17655E-03,    0.22067E-04,    0.90832E-03,    0.11069E-02
   10.000,     11.00000,  24.85000, 
10.00033,    11.00,    0.17631E-03,    0.22147E-04,    0.90730E-03,    0.11058E-02
   10.000,     11.00000,  24.85000, 
10.00070,    11.00,    0.17621E-03,    0.22247E-04,    0.90672E-03,    0.11052E-02
   10.001,     11.00000,  24.85000, 
10.00110,    11.00,    0.17615E-03,    0.22353E-04,    0.90628E-03,    0.11048E-02
   10.001,     11.00000,  24.85000, 
10.00155,    11.00,    0.17613E-03,    0.22472E-04,    0.90593E-03,    0.11045E-02
   10.002,     11.00000,  24.85000, 
10.00204,    11.00,    0.17611E-03,    0.22599E-04,    0.90562E-03,    0.11043E-02
   10.002,     11.00000,  24.85000, 
10.00257,    11.00,    0.17612E-03,    0.22738E-04,    0.90535E-03,    0.11042E-02
   10.003,     11.00000,  24.85000, 
10.00316,    11.00,    0.17613E-03,    0.22887E-04,    0.90510E-03,    0.11041E-02
   10.003,     11.00000,  24.85000, 
10.00381,    11.00,    0.17616E-03,    0.23047E-04,    0.90488E-03,    0.11041E-02
   10.004,     11.00000,  24.85000, 
10.00453,    11.00,    0.17619E-03,    0.23216E-04,    0.90467E-03,    0.11041E-02
   10.005,     11.00000,  24.85000, 
10.00531,    11.00,    0.17624E-03,    0.23394E-04,    0.90449E-03,    0.11041E-02
   10.005,     11.00000,  24.85000, 
10.00618,    11.00,    0.17630E-03,    0.23580E-04,    0.90433E-03,    0.11042E-02
   10.006,     11.00000,  24.85000, 
10.00713,    11.00,    0.17637E-03,    0.23773E-04,    0.90420E-03,    0.11043E-02
   10.007,     11.00000,  24.85000, 
10.00817,    11.00,    0.17645E-03,    0.23971E-04,    0.90409E-03,    0.11045E-02
   10.008,     11.00000,  24.85000, 
10.00932,    11.00,    0.17654E-03,    0.24175E-04,    0.90400E-03,    0.11047E-02
   10.009,     11.00000,  24.85000, 
10.01059,    11.00,    0.17664E-03,    0.24381E-04,    0.90395E-03,    0.11050E-02
   10.011,     11.00000,  24.85000, 
10.01198,    11.00,    0.17676E-03,    0.24592E-04,    0.90392E-03,    0.11053E-02
   10.012,     11.00000,  24.85000, 
10.01351,    11.00,    0.17689E-03,    0.24804E-04,    0.90393E-03,    0.11056E-02
   10.014,     11.00000,  24.85000, 
10.01520,    11.00,    0.17703E-03,    0.25019E-04,    0.90398E-03,    0.11060E-02
   10.015,     11.00000,  24.85000, 
10.01705,    11.00,    0.17719E-03,    0.25235E-04,    0.90406E-03,    0.11065E-02
   10.017,     11.00000,  24.85000, 
10.01909,    11.00,    0.17736E-03,    0.25453E-04,    0.90419E-03,    0.11070E-02
   10.019,     11.00000,  24.85000, 
10.02133,    11.00,    0.17754E-03,    0.25671E-04,    0.90436E-03,    0.11076E-02
   10.021,     11.00000,  24.85000, 
10.02380,    11.00,    0.17773E-03,    0.25892E-04,    0.90458E-03,    0.11082E-02
   10.024,     11.00000,  24.85000, 
10.02651,    11.00,    0.17793E-03,    0.26113E-04,    0.90486E-03,    0.11089E-02
   10.027,     11.00000,  24.85000, 
10.02950,    11.00,    0.17815E-03,    0.26338E-04,    0.90519E-03,    0.11097E-02
   10.029,     11.00000,  24.85000, 
10.03278,    11.00,    0.17837E-03,    0.26563E-04,    0.90558E-03,    0.11105E-02
   10.033,     11.00000,  24.85000, 
10.03639,    11.00,    0.17860E-03,    0.26792E-04,    0.90603E-03,    0.11114E-02
   10.036,     11.00000,  24.85000, 
10.04037,    11.00,    0.17885E-03,    0.27022E-04,    0.90655E-03,    0.11124E-02
   10.040,     11.00000,  24.85000, 
10.04474,    11.00,    0.17910E-03,    0.27257E-04,    0.90714E-03,    0.11135E-02
   10.045,     11.00000,  24.85000, 
10.04954,    11.00,    0.17935E-03,    0.27493E-04,    0.90780E-03,    0.11146E-02
   10.050,     11.00000,  24.85000, 
10.05483,    11.00,    0.17962E-03,    0.27735E-04,    0.90854E-03,    0.11159E-02
   10.055,     11.00000,  24.85000, 
10.06065,    11.00,    0.17989E-03,    0.27979E-04,    0.90936E-03,    0.11172E-02
   10.061,     11.00000,  24.85000, 
10.06705,    11.00,    0.18017E-03,    0.28229E-04,    0.91027E-03,    0.11187E-02
   10.067,     11.00000,  24.85000, 
10.07408,    11.00,    0.18045E-03,    0.28482E-04,    0.91126E-03,    0.11202E-02
   10.074,     11.00000,  24.85000, 
10.08183,    11.00,    0.18074E-03,    0.28741E-04,    0.91234E-03,    0.11218E-02
   10.082,     11.00000,  24.85000, 
10.09034,    11.00,    0.18103E-03,    0.29005E-04,    0.91350E-03,    0.11235E-02
   10.090,     11.00000,  24.85000, 
10.09971,    11.00,    0.18133E-03,    0.29276E-04,    0.91476E-03,    0.11254E-02
   10.100,     11.00000,  24.85000, 
10.11001,    11.00,    0.18163E-03,    0.29553E-04,    0.91611E-03,    0.11273E-02
   10.110,     11.00000,  24.85000, 
10.12135,    11.00,    0.18193E-03,    0.29838E-04,    0.91754E-03,    0.11293E-02
   10.121,     11.00000,  24.85000, 
10.13382,    11.00,    0.18223E-03,    0.30130E-04,    0.91905E-03,    0.11314E-02
   10.134,     11.00000,  24.85000, 
10.14753,    11.00,    0.18253E-03,    0.30433E-04,    0.92064E-03,    0.11336E-02
   10.148,     11.00000,  24.85000, 
10.16262,    11.00,    0.18283E-03,    0.30744E-04,    0.92230E-03,    0.11359E-02
   10.163,     11.00000,  24.85000, 
10.17921,    11.00,    0.18311E-03,    0.31067E-04,    0.92402E-03,    0.11382E-02
   10.179,     11.00000,  24.85000, 
10.19747,    11.00,    0.18338E-03,    0.31401E-04,    0.92579E-03,    0.11406E-02
   10.197,     11.00000,  24.85000, 
10.21755,    11.00,    0.18362E-03,    0.31747E-04,    0.92759E-03,    0.11430E-02
   10.218,     11.00000,  24.85000, 
10.23963,    11.00,    0.18382E-03,    0.32104E-04,    0.92940E-03,    0.11453E-02
   10.240,     11.00000,  24.85000, 
10.26393,    11.00,    0.18397E-03,    0.32473E-04,    0.93120E-03,    0.11476E-02
   10.264,     11.00000,  24.85000, 
10.29066,    11.00,    0.18404E-03,    0.32853E-04,    0.93297E-03,    0.11499E-02
   10.291,     11.00000,  24.85000, 
10.32006,    11.00,    0.18402E-03,    0.33243E-04,    0.93466E-03,    0.11519E-02
   10.320,     11.00000,  24.85000, 
10.35240,    11.00,    0.18386E-03,    0.33639E-04,    0.93625E-03,    0.11538E-02
   10.352,     11.00000,  24.85000, 
10.38797,    11.00,    0.18355E-03,    0.34042E-04,    0.93770E-03,    0.11553E-02
   10.388,     11.00000,  24.85000, 
10.42710,    11.00,    0.18304E-03,    0.34446E-04,    0.93897E-03,    0.11565E-02
   10.427,     11.00000,  24.85000, 
10.47014,    11.00,    0.18229E-03,    0.34849E-04,    0.94001E-03,    0.11571E-02
   10.470,     11.00000,  24.85000, 
10.51749,    11.00,    0.18126E-03,    0.35245E-04,    0.94078E-03,    0.11573E-02
   10.517,     11.00000,  24.85000, 
10.56957,    11.00,    0.17990E-03,    0.35633E-04,    0.94123E-03,    0.11568E-02
   10.570,     11.00000,  24.85000, 
10.62686,    11.00,    0.17816E-03,    0.36006E-04,    0.94133E-03,    0.11555E-02
   10.627,     11.00000,  24.85000, 
10.68988,    11.00,    0.17602E-03,    0.36361E-04,    0.94102E-03,    0.11534E-02
   10.690,     11.00000,  24.85000, 
10.75921,    11.00,    0.17342E-03,    0.36693E-04,    0.94029E-03,    0.11504E-02
   10.759,     11.00000,  24.85000, 
10.83546,    11.00,    0.17035E-03,    0.37000E-04,    0.93909E-03,    0.11464E-02
   10.835,     11.00000,  24.85000, 
10.91934,    11.00,    0.16679E-03,    0.37277E-04,    0.93741E-03,    0.11415E-02
   10.919,     11.00000,  24.85000, 
11.01161,    11.00,    0.16273E-03,    0.37524E-04,    0.93523E-03,    0.11355E-02
   11.012,     11.00000,  24.85000, 
11.11310,    11.00,    0.15819E-03,    0.37739E-04,    0.93255E-03,    0.11285E-02
   11.113,     11.00000,  24.85000, 
11.22474,    11.00,    0.15322E-03,    0.37922E-04,    0.92937E-03,    0.11205E-02
   11.225,     11.00000,  24.85000, 
11.34755,    11.00,    0.14784E-03,    0.38074E-04,    0.92569E-03,    0.11116E-02
   11.348,     11.00000,  24.85000, 
11.48264,    11.00,    0.14214E-03,    0.38198E-04,    0.92151E-03,    0.11018E-02
   11.483,     11.00000,  24.85000, 
11.63124,    11.00,    0.13618E-03,    0.38296E-04,    0.91682E-03,    0.10913E-02
   11.631,     11.00000,  24.85000, 
11.79469,    11.00,    0.13003E-03,    0.38372E-04,    0.91159E-03,    0.10800E-02
   11.795,     11.00000,  24.85000, 
11.97450,    11.00,    0.12377E-03,    0.38429E-04,    0.90577E-03,    0.10680E-02
   11.974,     11.00000,  24.85000, 
12.17228,    11.00,    0.11748E-03,    0.38472E-04,    0.89921E-03,    0.10552E-02
   12.172,     11.00000,  24.85000, 
12.38984,    11.00,    0.11121E-03,    0.38503E-04,    0.89171E-03,    0.10414E-02
   12.390,     11.00000,  24.85000, 
12.62916,    11.00,    0.10501E-03,    0.38527E-04,    0.88291E-03,    0.10264E-02
   12.629,     11.00000,  24.85000, 
12.89241,    11.00,    0.98923E-04,    0.38544E-04,    0.87227E-03,    0.10097E-02
   12.892,     11.00000,  24.85000, 
13.18198,    11.00,    0.92980E-04,    0.38557E-04,    0.85900E-03,    0.99054E-03
   13.182,     11.00000,  24.85000, 
13.50051,    11.00,    0.87199E-04,    0.38567E-04,    0.84203E-03,    0.96780E-03
   13.501,     11.00000,  24.85000, 
13.85090,    11.00,    0.81598E-04,    0.38574E-04,    0.82006E-03,    0.94024E-03
   13.851,     11.00000,  24.85000, 
14.23632,    11.00,    0.76183E-04,    0.38578E-04,    0.79193E-03,    0.90669E-03
   14.236,     11.00000,  24.85000, 
14.66028,    11.00,    0.70967E-04,    0.38582E-04,    0.75730E-03,    0.86684E-03
   14.660,     11.00000,  24.85000, 
15.00000,    11.00,    0.67231E-04,    0.38582E-04,    0.72800E-03,    0.83381E-03
   15.000,     11.00000,  24.85000, 
   15.000,      0.00000,  24.85000, 
   15.000,      0.00000,  24.85000, 
   15.000,      0.00000,  24.85000, 
   15.001,      0.00000,  24.85000, 
   15.001,      0.00000,  24.85000, 
   15.002,      0.00000,  24.85000, 
   15.002,      0.00000,  24.85000, 
   15.003,      0.00000,  24.85000, 
   15.003,      0.00000,  24.85000, 
   15.004,      0.00000,  24.85000, 
   15.005,      0.00000,  24.85000, 
   15.005,      0.00000,  24.85000, 
   15.006,      0.00000,  24.85000, 
   15.007,      0.00000,  24.85000, 
   15.008,      0.00000,  24.85000, 
   15.009,      0.00000,  24.85000, 
   15.011,      0.00000,  24.85000, 
   15.012,      0.00000,  24.85000, 
   15.014,      0.00000,  24.85000, 
   15.015,      0.00000,  24.85000, 
   15.017,      0.00000,  24.85000, 
   15.019,      0.00000,  24.85000, 
   15.021,      0.00000,  24.85000, 
   15.024,      0.00000,  24.85000, 
   15.027,      0.00000,  24.85000, 
   15.029,      0.00000,  24.85000, 
   15.033,      0.00000,  24.85000, 
   15.036,      0.00000,  24.85000, 
   15.040,      0.00000,  24.85000, 
   15.045,      0.00000,  24.85000, 
   15.050,      0.00000,  24.85000, 
   15.055,      0.00000,  24.85000, 
   15.061,      0.00000,  24.85000, 
   15.067,      0.00000,  24.85000, 
   15.074,      0.00000,  24.85000, 
   15.082,      0.00000,  24.85000, 
   15.090,      0.00000,  24.85000, 
   15.100,      0.00000,  24.85000, 
   15.110,      0.00000,  24.85000, 
   15.121,      0.00000,  24.85000, 
   15.134,      0.00000,  24.85000, 
   15.148,      0.00000,  24.85000, 
   15.163,      0.00000,  24.85000, 
   15.179,      0.00000,  24.85000, 
   15.197,      0.00000,  24.85000, 
   15.218,      0.00000,  24.85000, 
   15.240,      0.00000,  24.85000, 
   15.264,      0.00000,  24.85000, 
   15.291,      0.00000,  24.85000, 
   15.320,      0.00000,  24.85000, 
   15.352,      0.00000,  24.85000, 
   15.388,      0.00000,  24.85000, 
   15.427,      0.00000,  24.85000, 
   15.470,      0.00000,  24.85000, 
   15.517,      0.00000,  24.85000, 
   15.570,      0.00000,  24.85000, 
   15.627,      0.00000,  24.85000, 
   15.690,      0.00000,  24.85000, 
   15.759,      0.00000,  24.85000, 
   15.835,      0.00000,  24.85000, 
   15.919,      0.00000,  24.85000, 
   16.012,      0.00000,  24.85000, 
   16.113,      0.00000,  24.85000, 
   16.225,      0.00000,  24.85000, 
   16.348,      0.00000,  24.85000, 
   16.483,      0.00000,  24.85000, 
   16.631,      0.00000,  24.85000, 
   16.795,      0.00000,  24.85000, 
   16.974,      0.00000,  24.85000, 
   17.172,      0.00000,  24.85000, 
   17.390,      0.00000,  24.85000, 
   17.629,      0.00000,  24.85000, 
   17.892,      0.00000,  24.85000, 
   18.182,      0.00000,  24.85000, 
   18.501,      0.00000,  24.85000, 
   18.851,      0.00000,  24.85000, 
   19.236,      0.00000,  24.85000, 
   19.660,      0.00000,  24.85000, 
   20.000,      0.00000,  24.85000, 
   20.000,      0.00000,  24.85000, 
   20.000,      0.00000,  24.85000, 
   20.000,      0.00000,  24.85000, 
   20.001,      0.00000,  24.85000, 
   20.001,      0.00000,  24.85000, 
   20.002,      0.00000,  24.85000, 
   20.002,      0.00000,  24.85000, 
   20.003,      0.00000,  24.85000, 
   20.003,      0.00000,  24.85000, 
   20.004,      0.00000,  24.85000, 
   20.005,      0.00000,  24.85000, 
   20.005,      0.00000,  24.85000, 
   20.006,      0.00000,  24.85000, 
   20.007,      0.00000,  24.85000, 
   20.008,      0.00000,  24.85000, 
   20.009,      0.00000,  24.85000, 
   20.011,      0.00000,  24.85000, 
   20.012,      0.00000,  24.85000, 
   20.014,      0.00000,  24.85000, 
   20.015,      0.00000,  24.85000, 
   20.017,      0.00000,  24.85000, 
   20.019,      0.00000,  24.85000, 
   20.021,      0.00000,  24.85000, 
   20.024,      0.00000,  24.85000, 
   20.027,      0.00000,  24.85000, 
   20.029,      0.00000,  24.85000, 
   20.033,      0.00000,  24.85000, 
   20.036,      0.00000,  24.85000, 
   20.040,      0.00000,  24.85000, 
   20.045,      0.00000,  24.85000, 
   20.050,      0.00000,  24.85000, 
   20.055,      0.00000,  24.85000, 
   20.061,      0.00000,  24.85000, 
   20.067,      0.00000,  24.85000, 
   20.074,      0.00000,  24.85000, 
   20.082,      0.00000,  24.85000, 
   20.090,      0.00000,  24.85000, 
   20.100,      0.00000,  24.85000, 
   20.110,      0.00000,  24.85000, 
   20.121,      0.00000,  24.85000, 
   20.134,      0.00000,  24.85000, 
   20.148,      0.00000,  24.85000, 
   20.163,      0.00000,  24.85000, 
   20.179,      0.00000,  24.85000, 
   20.197,      0.00000,  24.85000, 
   20.218,      0.00000,  24.85000, 
   20.240,      0.00000,  24.85000, 
   20.264,      0.00000,  24.85000, 
   20.291,      0.00000,  24.85000, 
   20.320,      0.00000,  24.85000, 
   20.352,      0.00000,  24.85000, 
   20.388,      0.00000,  24.85000, 
   20.427,      0.00000,  24.85000, 
   20.470,      0.00000,  24.85000, 
   20.517,      0.00000,  24.85000, 
   20.570,      0.00000,  24.85000, 
   20.627,      0.00000,  24.85000, 
   20.690,      0.00000,  24.85000, 
   20.759,      0.00000,  24.85000, 
   20.835,      0.00000,  24.85000, 
   20.919,      0.00000,  24.85000, 
   21.012,      0.00000,  24.85000, 
   21.113,      0.00000,  24.85000, 
   21.225,      0.00000,  24.85000, 
   21.348,      0.00000,  24.85000, 
   21.483,      0.00000,  24.85000, 
   21.631,      0.00000,  24.85000, 
   21.795,      0.00000,  24.85000, 
   21.974,      0.00000,  24.85000, 
   22.172,      0.00000,  24.85000, 
   22.390,      0.00000,  24.85000, 
   22.629,      0.00000,  24.85000, 
   22.892,      0.00000,  24.85000, 
   23.182,      0.00000,  24.85000, 
   23.501,      0.00000,  24.85000, 
   23.851,      0.00000,  24.85000, 
   24.236,      0.00000,  24.85000, 
   24.660,      0.00000,  24.85000, 
   25.000,      0.00000,  24.85000, 
   25.000,      0.00000,  24.85000, 
   25.000,      0.00000,  24.85000, 
   25.000,      0.00000,  24.85000, 
   25.001,      0.00000,  24.85000, 
   25.001,      0.00000,  24.85000, 
   25.002,      0.00000,  24.85000, 
   25.002,      0.00000,  24.85000, 
   25.003,      0.00000,  24.85000, 
   25.003,      0.00000,  24.85000, 
   25.004,      0.00000,  24.85000, 
   25.005,      0.00000,  24.85000, 
   25.005,      0.00000,  24.85000, 
   25.006,      0.00000,  24.85000, 
   25.007,      0.00000,  24.85000, 
   25.008,      0.00000,  24.85000, 
   25.009,      0.00000,  24.85000, 
   25.011,      0.00000,  24.85000, 
   25.012,      0.00000,  24.85000, 
   25.014,      0.00000,  24.85000, 
   25.015,      0.00000,  24.85000, 
   25.017,      0.00000,  24.85000, 
   25.019,      0.00000,  24.85000, 
   25.021,      0.00000,  24.85000, 
   25.024,      0.00000,  24.85000, 
   25.027,      0.00000,  24.85000, 
   25.029,      0.00000,  24.85000, 
   25.033,      0.00000,  24.85000, 
   25.036,      0.00000,  24.85000, 
   25.040,      0.00000,  24.85000, 
   25.045,      0.00000,  24.85000, 
   25.050,      0.00000,  24.85000, 
   25.055,      0.00000,  24.85000, 
   25.061,      0.00000,  24.85000, 
   25.067,      0.00000,  24.85000, 
   25.074,      0.00000,  24.85000, 
   25.082,      0.00000,  24.85000, 
   25.090,      0.00000,  24.85000, 
   25.100,      0.00000,  24.85000, 
   25.110,      0.00000,  24.85000, 
   25.121,      0.00000,  24.85000, 
   25.134,      0.00000,  24.85000, 
   25.148,      0.00000,  24.85000, 
   25.163,      0.00000,  24.85000, 
   25.179,      0.00000,  24.85000, 
   25.197,      0.00000,  24.85000, 
   25.218,      0.00000,  24.85000, 
   25.240,      0.00000,  24.85000, 
   25.264,      0.00000,  24.85000, 
   25.291,      0.00000,  24.85000, 
   25.320,      0.00000,  24.85000, 
   25.352,      0.00000,  24.85000, 
   25.388,      0.00000,  24.85000, 
   25.427,      0.00000,  24.85000, 
   25.470,      0.00000,  24.85000, 
   25.517,      0.00000,  24.85000, 
   25.570,      0.00000,  24.85000, 
   25.627,      0.00000,  24.85000, 
   25.690,      0.00000,  24.85000, 
   25.759,      0.00000,  24.85000, 
   25.835,      0.00000,  24.85000, 
   25.919,      0.00000,  24.85000, 
   26.012,      0.00000,  24.85000, 
   26.113,      0.00000,  24.85000, 
   26.225,      0.00000,  24.85000, 
   26.348,      0.00000,  24.85000, 
   26.483,      0.00000,  24.85000, 
   26.631,      0.00000,  24.85000, 
   26.795,      0.00000,  24.85000, 
   26.974,      0.00000,  24.85000, 
   27.172,      0.00000,  24.85000, 
   27.390,      0.00000,  24.85000, 
   27.629,      0.00000,  24.85000, 
   27.892,      0.00000,  24.85000, 
   28.182,      0.00000,  24.85000, 
   28.501,      0.00000,  24.85000, 
   28.851,      0.00000,  24.85000, 
   29.236,      0.00000,  24.85000, 
   29.660,      0.00000,  24.85000, 
   30.000,      0.00000,  24.85000, 
30.00000,    48.00,    0.17522E-03,    0.22071E-04,    0.85996E-03,    0.10572E-02
   30.000,     48.00000,  24.85000, 
30.00000,    48.00,    0.17522E-03,    0.22071E-04,    0.85996E-03,    0.10572E-02
   30.000,     48.00000,  24.85000, 
30.00033,    48.00,    0.17440E-03,    0.22153E-04,    0.85877E-03,    0.10553E-02
   30.000,     48.00000,  24.85000, 
30.00070,    48.00,    0.17387E-03,    0.22253E-04,    0.85806E-03,    0.10542E-02
   30.001,     48.00000,  24.85000, 
30.00110,    48.00,    0.17344E-03,    0.22360E-04,    0.85752E-03,    0.10533E-02
   30.001,     48.00000,  24.85000, 
30.00155,    48.00,    0.17306E-03,    0.22479E-04,    0.85707E-03,    0.10526E-02
   30.002,     48.00000,  24.85000, 
30.00204,    48.00,    0.17269E-03,    0.22607E-04,    0.85666E-03,    0.10520E-02
   30.002,     48.00000,  24.85000, 
30.00257,    48.00,    0.17232E-03,    0.22747E-04,    0.85628E-03,    0.10514E-02
   30.003,     48.00000,  24.85000, 
30.00316,    48.00,    0.17195E-03,    0.22895E-04,    0.85593E-03,    0.10508E-02
   30.003,     48.00000,  24.85000, 
30.00381,    48.00,    0.17158E-03,    0.23055E-04,    0.85559E-03,    0.10502E-02
   30.004,     48.00000,  24.85000, 
30.00453,    48.00,    0.17119E-03,    0.23224E-04,    0.85525E-03,    0.10497E-02
   30.005,     48.00000,  24.85000, 
30.00531,    48.00,    0.17078E-03,    0.23401E-04,    0.85493E-03,    0.10491E-02
   30.005,     48.00000,  24.85000, 
30.00618,    48.00,    0.17035E-03,    0.23585E-04,    0.85461E-03,    0.10486E-02
   30.006,     48.00000,  24.85000, 
30.00713,    48.00,    0.16990E-03,    0.23777E-04,    0.85430E-03,    0.10480E-02
   30.007,     48.00000,  24.85000, 
30.00817,    48.00,    0.16941E-03,    0.23972E-04,    0.85399E-03,    0.10474E-02
   30.008,     48.00000,  24.85000, 
30.00932,    48.00,    0.16889E-03,    0.24173E-04,    0.85368E-03,    0.10467E-02
   30.009,     48.00000,  24.85000, 
30.01059,    48.00,    0.16833E-03,    0.24376E-04,    0.85336E-03,    0.10461E-02
   30.011,     48.00000,  24.85000, 
30.01198,    48.00,    0.16772E-03,    0.24582E-04,    0.85305E-03,    0.10453E-02
   30.012,     48.00000,  24.85000, 
30.01351,    48.00,    0.16705E-03,    0.24789E-04,    0.85272E-03,    0.10446E-02
   30.014,     48.00000,  24.85000, 
30.01520,    48.00,    0.16633E-03,    0.24998E-04,    0.85237E-03,    0.10437E-02
   30.015,     48.00000,  24.85000, 
30.01705,    48.00,    0.16553E-03,    0.25206E-04,    0.85201E-03,    0.10427E-02
   30.017,     48.00000,  24.85000, 
30.01909,    48.00,    0.16466E-03,    0.25415E-04,    0.85162E-03,    0.10417E-02
   30.019,     48.00000,  24.85000, 
30.02133,    48.00,    0.16370E-03,    0.25624E-04,    0.85119E-03,    0.10405E-02
   30.021,     48.00000,  24.85000, 
30.02380,    48.00,    0.16265E-03,    0.25834E-04,    0.85072E-03,    0.10392E-02
   30.024,     48.00000,  24.85000, 
30.02651,    48.00,    0.16148E-03,    0.26044E-04,    0.85019E-03,    0.10377E-02
   30.027,     48.00000,  24.85000, 
30.02950,    48.00,    0.16020E-03,    0.26255E-04,    0.84959E-03,    0.10360E-02
   30.029,     48.00000,  24.85000, 
30.03278,    48.00,    0.15878E-03,    0.26465E-04,    0.84890E-03,    0.10341E-02
   30.033,     48.00000,  24.85000, 
30.03639,    48.00,    0.15723E-03,    0.26677E-04,    0.84810E-03,    0.10320E-02
   30.036,     48.00000,  24.85000, 
30.04037,    48.00,    0.15552E-03,    0.26889E-04,    0.84717E-03,    0.10296E-02
   30.040,     48.00000,  24.85000, 
30.04474,    48.00,    0.15366E-03,    0.27103E-04,    0.84608E-03,    0.10268E-02
   30.045,     48.00000,  24.85000, 
30.04954,    48.00,    0.15162E-03,    0.27317E-04,    0.84480E-03,    0.10237E-02
   30.050,     48.00000,  24.85000, 
30.05483,    48.00,    0.14942E-03,    0.27534E-04,    0.84330E-03,    0.10203E-02
   30.055,     48.00000,  24.85000, 
30.06065,    48.00,    0.14704E-03,    0.27752E-04,    0.84155E-03,    0.10163E-02
   30.061,     48.00000,  24.85000, 
30.06705,    48.00,    0.14449E-03,    0.27972E-04,    0.83952E-03,    0.10120E-02
   30.067,     48.00000,  24.85000, 
30.07408,    48.00,    0.14177E-03,    0.28194E-04,    0.83716E-03,    0.10071E-02
   30.074,     48.00000,  24.85000, 
30.08183,    48.00,    0.13889E-03,    0.28420E-04,    0.83446E-03,    0.10018E-02
   30.082,     48.00000,  24.85000, 
30.09034,    48.00,    0.13587E-03,    0.28647E-04,    0.83139E-03,    0.99590E-03
   30.090,     48.00000,  24.85000, 
30.09971,    48.00,    0.13272E-03,    0.28880E-04,    0.82793E-03,    0.98954E-03
   30.100,     48.00000,  24.85000, 
30.11001,    48.00,    0.12947E-03,    0.29116E-04,    0.82411E-03,    0.98269E-03
   30.110,     48.00000,  24.85000, 
30.12135,    48.00,    0.12613E-03,    0.29358E-04,    0.81994E-03,    0.97543E-03
   30.121,     48.00000,  24.85000, 
30.13382,    48.00,    0.12273E-03,    0.29606E-04,    0.81551E-03,    0.96784E-03
   30.134,     48.00000,  24.85000, 
30.14753,    48.00,    0.11930E-03,    0.29863E-04,    0.81090E-03,    0.96006E-03
   30.148,     48.00000,  24.85000, 
30.16262,    48.00,    0.11586E-03,    0.30127E-04,    0.80625E-03,    0.95224E-03
   30.163,     48.00000,  24.85000, 
30.17921,    48.00,    0.11244E-03,    0.30403E-04,    0.80177E-03,    0.94461E-03
   30.179,     48.00000,  24.85000, 
30.19747,    48.00,    0.10905E-03,    0.30691E-04,    0.79769E-03,    0.93743E-03
   30.197,     48.00000,  24.85000, 
30.21755,    48.00,    0.10573E-03,    0.30992E-04,    0.79428E-03,    0.93100E-03
   30.218,     48.00000,  24.85000, 
30.23963,    48.00,    0.10247E-03,    0.31308E-04,    0.79189E-03,    0.92567E-03
   30.240,     48.00000,  24.85000, 
30.26393,    48.00,    0.99307E-04,    0.31641E-04,    0.79087E-03,    0.92181E-03
   30.264,     48.00000,  24.85000, 
30.29066,    48.00,    0.96239E-04,    0.31991E-04,    0.79161E-03,    0.91984E-03
   30.291,     48.00000,  24.85000, 
30.32006,    48.00,    0.93281E-04,    0.32359E-04,    0.79452E-03,    0.92016E-03
   30.320,     48.00000,  24.85000, 
30.35240,    48.00,    0.90435E-04,    0.32744E-04,    0.80000E-03,    0.92317E-03
   30.352,     48.00000,  24.85000, 
30.38797,    48.00,    0.87712E-04,    0.33146E-04,    0.80837E-03,    0.92922E-03
   30.388,     48.00000,  24.85000, 
30.42710,    48.00,    0.85114E-04,    0.33563E-04,    0.81985E-03,    0.93853E-03
   30.427,     48.00000,  24.85000, 
30.47014,    48.00,    0.82647E-04,    0.33993E-04,    0.83446E-03,    0.95110E-03
   30.470,     48.00000,  24.85000, 
30.51749,    48.00,    0.80317E-04,    0.34430E-04,    0.85185E-03,    0.96660E-03
   30.517,     48.00000,  24.85000, 
30.56957,    48.00,    0.78131E-04,    0.34873E-04,    0.87123E-03,    0.98424E-03
   30.570,     48.00000,  24.85000, 
30.62686,    48.00,    0.76099E-04,    0.35312E-04,    0.89130E-03,    0.10027E-02
   30.627,     48.00000,  24.85000, 
30.68988,    48.00,    0.74237E-04,    0.35744E-04,    0.91039E-03,    0.10204E-02
   30.690,     48.00000,  24.85000, 
30.75921,    48.00,    0.72565E-04,    0.36158E-04,    0.92664E-03,    0.10354E-02
   30.759,     48.00000,  24.85000, 
30.83546,    48.00,    0.71117E-04,    0.36551E-04,    0.93830E-03,    0.10460E-02
   30.835,     48.00000,  24.85000, 
30.91934,    48.00,    0.69940E-04,    0.36914E-04,    0.94390E-03,    0.10508E-02
   30.919,     48.00000,  24.85000, 
31.01161,    48.00,    0.69106E-04,    0.37247E-04,    0.94236E-03,    0.10487E-02
   31.012,     48.00000,  24.85000, 
31.11310,    48.00,    0.68716E-04,    0.37544E-04,    0.93309E-03,    0.10393E-02
   31.113,     48.00000,  24.85000, 
31.22474,    48.00,    0.68916E-04,    0.37808E-04,    0.91609E-03,    0.10228E-02
   31.225,     48.00000,  24.85000, 
31.34755,    48.00,    0.69903E-04,    0.38039E-04,    0.89207E-03,    0.10000E-02
   31.348,     48.00000,  24.85000, 
31.48264,    48.00,    0.71951E-04,    0.38240E-04,    0.86233E-03,    0.97252E-03
   31.483,     48.00000,  24.85000, 
31.63124,    48.00,    0.75408E-04,    0.38412E-04,    0.82869E-03,    0.94251E-03
   31.631,     48.00000,  24.85000, 
31.79469,    48.00,    0.80680E-04,    0.38562E-04,    0.79325E-03,    0.91249E-03
   31.795,     48.00000,  24.85000, 
31.97450,    48.00,    0.88029E-04,    0.38688E-04,    0.75823E-03,    0.88494E-03
   31.974,     48.00000,  24.85000, 
32.17228,    48.00,    0.97121E-04,    0.38795E-04,    0.72599E-03,    0.86190E-03
   32.172,     48.00000,  24.85000, 
32.38984,    48.00,    0.10667E-03,    0.38881E-04,    0.69899E-03,    0.84455E-03
   32.390,     48.00000,  24.85000, 
32.62916,    48.00,    0.11523E-03,    0.38945E-04,    0.67980E-03,    0.83397E-03
   32.629,     48.00000,  24.85000, 
32.89241,    48.00,    0.12256E-03,    0.38988E-04,    0.67077E-03,    0.83232E-03
   32.892,     48.00000,  24.85000, 
33.18198,    48.00,    0.13040E-03,    0.39016E-04,    0.67365E-03,    0.84306E-03
   33.182,     48.00000,  24.85000, 
33.50051,    48.00,    0.14277E-03,    0.39034E-04,    0.68928E-03,    0.87108E-03
   33.501,     48.00000,  24.85000, 
33.85090,    48.00,    0.15965E-03,    0.39051E-04,    0.71783E-03,    0.91653E-03
   33.851,     48.00000,  24.85000, 
34.23632,    48.00,    0.15211E-03,    0.39044E-04,    0.75855E-03,    0.94970E-03
   34.236,     48.00000,  24.85000, 
34.66028,    48.00,    0.12700E-03,    0.38994E-04,    0.80657E-03,    0.97256E-03
   34.660,     48.00000,  24.85000, 
35.00000,    48.00,    0.11006E-03,    0.38940E-04,    0.83899E-03,    0.98799E-03
   35.000,     48.00000,  24.85000, 
   35.000,      0.00000,  24.85000, 
   35.000,      0.00000,  24.85000, 
   35.000,      0.00000,  24.85000, 
   35.001,      0.00000,  24.85000, 
   35.001,      0.00000,  24.85000, 
   35.002,      0.00000,  24.85000, 
   35.002,      0.00000,  24.85000, 
   35.003,      0.00000,  24.85000, 
   35.003,      0.00000,  24.85000, 
   35.004,      0.00000,  24.85000, 
   35.005,      0.00000,  24.85000, 
   35.005,      0.00000,  24.85000, 
   35.006,      0.00000,  24.85000, 
   35.007,      0.00000,  24.85000, 
   35.008,      0.00000,  24.85000, 
   35.009,      0.00000,  24.85000, 
   35.011,      0.00000,  24.85000, 
   35.012,      0.00000,  24.85000, 
   35.014,      0.00000,  24.85000, 
   35.015,      0.00000,  24.85000, 
   35.017,      0.00000,  24.85000, 
   35.019,      0.00000,  24.85000, 
   35.021,      0.00000,  24.85000, 
   35.024,      0.00000,  24.85000, 
   35.027,      0.00000,  24.85000, 
   35.029,      0.00000,  24.85000, 
   35.033,      0.00000,  24.85000, 
   35.036,      0.00000,  24.85000, 
   35.040,      0.00000,  24.85000, 
   35.045,      0.00000,  24.85000, 
   35.050,      0.00000,  24.85000, 
   35.055,      0.00000,  24.85000, 
   35.061,      0.00000,  24.85000, 
   35.067,      0.00000,  24.85000, 
   35.074,      0.00000,  24.85000, 
   35.082,      0.00000,  24.85000, 
   35.090,      0.00000,  24.85000, 
   35.100,      0.00000,  24.85000, 
   35.110,      0.00000,  24.85000, 
   35.121,      0.00000,  24.85000, 
   35.134,      0.00000,  24.85000, 
   35.148,      0.00000,  24.85000, 
   35.163,      0.00000,  24.85000, 
   35.179,      0.00000,  24.85000, 
   35.197,      0.00000,  24.85000, 
   35.218,      0.00000,  24.85000, 
   35.240,      0.00000,  24.85000, 
   35.264,      0.00000,  24.85000, 
   35.291,      0.00000,  24.85000, 
   35.320,      0.00000,  24.85000, 
   35.352,      0.00000,  24.85000, 
   35.388,      0.00000,  24.85000, 
   35.427,      0.00000,  24.85000, 
   35.470,      0.00000,  24.85000, 
   35.517,      0.00000,  24.85000, 
   35.570,      0.00000,  24.85000, 
   35.627,      0.00000,  24.85000, 
   35.690,      0.00000,  24.85000, 
   35.759,      0.00000,  24.85000, 
   35.835,      0.00000,  24.85000, 
   35.919,      0.00000,  24.85000, 
   36.012,      0.00000,  24.85000, 
   36.113,      0.00000,  24.85000, 
   36.225,      0.00000,  24.85000, 
   36.348,      0.00000,  24.85000, 
   36.483,      0.00000,  24.85000, 
   36.631,      0.00000,  24.85000, 
   36.795,      0.00000,  24.85000, 
   36.974,      0.00000,  24.85000, 
   37.172,      0.00000,  24.85000, 
   37.390,      0.00000,  24.85000, 
   37.629,      0.00000,  24.85000, 
   37.892,      0.00000,  24.85000, 
   38.182,      0.00000,  24.85000, 
   38.501,      0.00000,  24.85000, 
   38.851,      0.00000,  24.85000, 
   39.236,      0.00000,  24.85000, 
   39.660,      0.00000,  24.85000, 
   40.000,      0.00000,  24.85000, 
   40.000,      0.00000,  24.85000, 
   40.000,      0.00000,  24.85000, 
   40.000,      0.00000,  24.85000, 
   40.001,      0.00000,  24.85000, 
   40.001,      0.00000,  24.85000, 
   40.002,      0.00000,  24.85000, 
   40.002,      0.00000,  24.85000, 
   40.003,      0.00000,  24.85000, 
   40.003,      0.00000,  24.85000, 
   40.004,      0.00000,  24.85000, 
   40.005,      0.00000,  24.85000, 
   40.005,      0.00000,  24.85000, 
   40.006,      0.00000,  24.85000, 
   40.007,      0.00000,  24.85000, 
   40.008,      0.00000,  24.85000, 
   40.009,      0.00000,  24.85000, 
   40.011,      0.00000,  24.85000, 
   40.012,      0.00000,  24.85000, 
   40.014,      0.00000,  24.85000, 
   40.015,      0.00000,  24.85000, 
   40.017,      0.00000,  24.85000, 
   40.019,      0.00000,  24.85000, 
   40.021,      0.00000,  24.85000, 
   40.024,      0.00000,  24.85000, 
   40.027,      0.00000,  24.85000, 
   40.029,      0.00000,  24.85000, 
   40.033,      0.00000,  24.85000, 
   40.036,      0.00000,  24.85000, 
   40.040,      0.00000,  24.85000, 
   40.045,      0.00000,  24.85000, 
   40.050,      0.00000,  24.85000, 
   40.055,      0.00000,  24.85000, 
   40.061,      0.00000,  24.85000, 
   40.067,      0.00000,  24.85000, 
   40.074,      0.00000,  24.85000, 
   40.082,      0.00000,  24.85000, 
   40.090,      0.00000,  24.85000, 
   40.100,      0.00000,  24.85000, 
   40.110,      0.00000,  24.85000, 
   40.121,      0.00000,  24.85000, 
   40.134,      0.00000,  24.85000, 
   40.148,      0.00000,  24.85000, 
   40.163,      0.00000,  24.85000, 
   40.179,      0.00000,  24.85000, 
   40.197,      0.00000,  24.85000, 
   40.218,      0.00000,  24.85000, 
   40.240,      0.00000,  24.85000, 
   40.264,      0.00000,  24.85000, 
   40.291,      0.00000,  24.85000, 
   40.320,      0.00000,  24.85000, 
   40.352,      0.00000,  24.85000, 
   40.388,      0.00000,  24.85000, 
   40.427,      0.00000,  24.85000, 
   40.470,      0.00000,  24.85000, 
   40.517,      0.00000,  24.85000, 
   40.570,      0.00000,  24.85000, 
   40.627,      0.00000,  24.85000, 
   40.690,      0.00000,  24.85000, 
   40.759,      0.00000,  24.85000, 
   40.835,      0.00000,  24.85000, 
   40.919,      0.00000,  24.85000, 
   41.012,      0.00000,  24.85000, 
   41.113,      0.00000,  24.85000, 
   41.225,      0.00000,  24.85000, 
   41.348,      0.00000,  24.85000, 
   41.483,      0.00000,  24.85000, 
   41.631,      0.00000,  24.85000, 
   41.795,      0.00000,  24.85000, 
   41.974,      0.00000,  24.85000, 
   42.172,      0.00000,  24.85000, 
   42.390,      0.00000,  24.85000, 
   42.629,      0.00000,  24.85000, 
   42.892,      0.00000,  24.85000, 
   43.182,      0.00000,  24.85000, 
   43.501,      0.00000,  24.85000, 
   43.851,      0.00000,  24.85000, 
   44.236,      0.00000,  24.85000, 
   44.660,      0.00000,  24.85000, 
   45.000,      0.00000,  24.85000, 
   45.000,      0.00000,  24.85000, 
   45.000,      0.00000,  24.85000, 
   45.000,      0.00000,  24.85000, 
   45.001,      0.00000,  24.85000, 
   45.001,      0.00000,  24.85000, 
   45.002,      0.00000,  24.85000, 
   45.002,      0.00000,  24.85000, 
   45.003,      0.00000,  24.85000, 
   45.003,      0.00000,  24.85000, 
   45.004,      0.00000,  24.85000, 
   45.005,      0.00000,  24.85000, 
   45.005,      0.00000,  24.85000, 
   45.006,      0.00000,  24.85000, 
   45.007,      0.00000,  24.85000, 
   45.008,      0.00000,  24.85000, 
   45.009,      0.00000,  24.85000, 
   45.011,      0.00000,  24.85000, 
   45.012,      0.00000,  24.85000, 
   45.014,      0.00000,  24.85000, 
   45.015,      0.00000,  24.85000, 
   45.017,      0.00000,  24.85000, 
   45.019,      0.00000,  24.85000, 
   45.021,      0.00000,  24.85000, 
   45.024,      0.00000,  24.85000, 
   45.027,      0.00000,  24.85000, 
   45.029,      0.00000,  24.85000, 
   45.033,      0.00000,  24.85000, 
   45.036,      0.00000,  24.85000, 
   45.040,      0.00000,  24.85000, 
   45.045,      0.00000,  24.85000, 
   45.050,      0.00000,  24.85000, 
   45.055,      0.00000,  24.85000, 
   45.061,      0.00000,  24.85000, 
   45.067,      0.00000,  24.85000, 
   45.074,      0.00000,  24.85000, 
   45.082,      0.00000,  24.85000, 
   45.090,      0.00000,  24.85000, 
   45.100,      0.00000,  24.85000, 
   45.110,      0.00000,  24.85000, 
   45.121,      0.00000,  24.85000, 
   45.134,      0.00000,  24.85000, 
   45.148,      0.00000,  24.85000, 
   45.163,      0.00000,  24.85000, 
   45.179,      0.00000,  24.85000, 
   45.197,      0.00000,  24.85000, 
   45.218,      0.00000,  24.85000, 
   45.240,      0.00000,  24.85000, 
   45.264,      0.00000,  24.85000, 
   45.291,      0.00000,  24.85000, 
   45.320,      0.00000,  24.85000, 
   45.352,      0.00000,  24.85000, 
   45.388,      0.00000,  24.85000, 
   45.427,      0.00000,  24.85000, 
   45.470,      0.00000,  24.85000, 
   45.517,      0.00000,  24.85000, 
   45.570,      0.00000,  24.85000, 
   45.627,      0.00000,  24.85000, 
   45.690,      0.00000,  24.85000, 
   45.759,      0.00000,  24.85000, 
   45.835,      0.00000,  24.85000, 
   45.919,      0.00000,  24.85000, 
   46.012,      0.00000,  24.85000, 
   46.113,      0.00000,  24.85000, 
   46.225,      0.00000,  24.85000, 
   46.348,      0.00000,  24.85000, 
   46.483,      0.00000,  24.85000, 
   46.631,      0.00000,  24.85000, 
   46.795,      0.00000,  24.85000, 
   46.974,      0.00000,  24.85000, 
   47.172,      0.00000,  24.85000, 
   47.390,      0.00000,  24.85000, 
   47.629,      0.00000,  24.85000, 
   47.892,      0.00000,  24.85000, 
   48.182,      0.00000,  24.85000, 
   48.501,      0.00000,  24.85000, 
   48.851,      0.00000,  24.85000, 
   49.236,      0.00000,  24.85000, 
   49.660,      0.00000,  24.85000, 
   50.000,      0.00000,  24.85000, 
50.00000,   -80.00,    0.17776E-03,    0.22067E-04,    0.80553E-03,    0.10054E-02
   50.000,    -80.00000,  24.85000, 
50.00000,   -80.00,    0.17776E-03,    0.22067E-04,    0.80553E-03,    0.10054E-02
   50.000,    -80.00000,  24.85000, 
50.00033,   -80.00,    0.17073E-03,    0.22150E-04,    0.79971E-03,    0.99259E-03
   50.000,    -80.00000,  24.85000, 
50.00070,   -80.00,    0.16621E-03,    0.22249E-04,    0.79611E-03,    0.98457E-03
   50.001,    -80.00000,  24.85000, 
50.00110,   -80.00,    0.16260E-03,    0.22353E-04,    0.79325E-03,    0.97820E-03
   50.001,    -80.00000,  24.85000, 
50.00155,   -80.00,    0.15945E-03,    0.22468E-04,    0.79075E-03,    0.97267E-03
   50.002,    -80.00000,  24.85000, 
50.00204,   -80.00,    0.15656E-03,    0.22590E-04,    0.78846E-03,    0.96761E-03
   50.002,    -80.00000,  24.85000, 
50.00257,   -80.00,    0.15386E-03,    0.22721E-04,    0.78628E-03,    0.96287E-03
   50.003,    -80.00000,  24.85000, 
50.00316,   -80.00,    0.15128E-03,    0.22861E-04,    0.78419E-03,    0.95833E-03
   50.003,    -80.00000,  24.85000, 
50.00381,   -80.00,    0.14880E-03,    0.23009E-04,    0.78215E-03,    0.95396E-03
   50.004,    -80.00000,  24.85000, 
50.00453,   -80.00,    0.14639E-03,    0.23164E-04,    0.78013E-03,    0.94969E-03
   50.005,    -80.00000,  24.85000, 
50.00531,   -80.00,    0.14405E-03,    0.23326E-04,    0.77814E-03,    0.94552E-03
   50.005,    -80.00000,  24.85000, 
50.00618,   -80.00,    0.14176E-03,    0.23493E-04,    0.77615E-03,    0.94141E-03
   50.006,    -80.00000,  24.85000, 
50.00713,   -80.00,    0.13953E-03,    0.23665E-04,    0.77418E-03,    0.93737E-03
   50.007,    -80.00000,  24.85000, 
50.00817,   -80.00,    0.13734E-03,    0.23839E-04,    0.77219E-03,    0.93337E-03
   50.008,    -80.00000,  24.85000, 
50.00932,   -80.00,    0.13520E-03,    0.24016E-04,    0.77021E-03,    0.92943E-03
   50.009,    -80.00000,  24.85000, 
50.01059,   -80.00,    0.13312E-03,    0.24194E-04,    0.76822E-03,    0.92553E-03
   50.011,    -80.00000,  24.85000, 
50.01198,   -80.00,    0.13109E-03,    0.24373E-04,    0.76623E-03,    0.92169E-03
   50.012,    -80.00000,  24.85000, 
50.01351,   -80.00,    0.12911E-03,    0.24552E-04,    0.76423E-03,    0.91789E-03
   50.014,    -80.00000,  24.85000, 
50.01520,   -80.00,    0.12720E-03,    0.24732E-04,    0.76222E-03,    0.91416E-03
   50.015,    -80.00000,  24.85000, 
50.01705,   -80.00,    0.12535E-03,    0.24911E-04,    0.76022E-03,    0.91048E-03
   50.017,    -80.00000,  24.85000, 
50.01909,   -80.00,    0.12358E-03,    0.25091E-04,    0.75821E-03,    0.90688E-03
   50.019,    -80.00000,  24.85000, 
50.02133,   -80.00,    0.12188E-03,    0.25270E-04,    0.75621E-03,    0.90336E-03
   50.021,    -80.00000,  24.85000, 
50.02380,   -80.00,    0.12026E-03,    0.25451E-04,    0.75422E-03,    0.89993E-03
   50.024,    -80.00000,  24.85000, 
50.02651,   -80.00,    0.11874E-03,    0.25633E-04,    0.75223E-03,    0.89661E-03
   50.027,    -80.00000,  24.85000, 
50.02950,   -80.00,    0.11732E-03,    0.25816E-04,    0.75027E-03,    0.89341E-03
   50.029,    -80.00000,  24.85000, 
50.03278,   -80.00,    0.11601E-03,    0.26002E-04,    0.74833E-03,    0.89034E-03
   50.033,    -80.00000,  24.85000, 
50.03639,   -80.00,    0.11483E-03,    0.26191E-04,    0.74643E-03,    0.88744E-03
   50.036,    -80.00000,  24.85000, 
50.04037,   -80.00,    0.11378E-03,    0.26383E-04,    0.74456E-03,    0.88472E-03
   50.040,    -80.00000,  24.85000, 
50.04474,   -80.00,    0.11288E-03,    0.26580E-04,    0.74275E-03,    0.88220E-03
   50.045,    -80.00000,  24.85000, 
50.04954,   -80.00,    0.11214E-03,    0.26782E-04,    0.74100E-03,    0.87992E-03
   50.050,    -80.00000,  24.85000, 
50.05483,   -80.00,    0.11159E-03,    0.26990E-04,    0.73932E-03,    0.87790E-03
   50.055,    -80.00000,  24.85000, 
50.06065,   -80.00,    0.11124E-03,    0.27205E-04,    0.73774E-03,    0.87618E-03
   50.061,    -80.00000,  24.85000, 
50.06705,   -80.00,    0.11112E-03,    0.27428E-04,    0.73625E-03,    0.87481E-03
   50.067,    -80.00000,  24.85000, 
50.07408,   -80.00,    0.11126E-03,    0.27660E-04,    0.73489E-03,    0.87381E-03
   50.074,    -80.00000,  24.85000, 
50.08183,   -80.00,    0.11169E-03,    0.27902E-04,    0.73367E-03,    0.87326E-03
   50.082,    -80.00000,  24.85000, 
50.09034,   -80.00,    0.11244E-03,    0.28155E-04,    0.73261E-03,    0.87321E-03
   50.090,    -80.00000,  24.85000, 
50.09971,   -80.00,    0.11356E-03,    0.28421E-04,    0.73174E-03,    0.87372E-03
   50.100,    -80.00000,  24.85000, 
50.11001,   -80.00,    0.11508E-03,    0.28700E-04,    0.73107E-03,    0.87486E-03
   50.110,    -80.00000,  24.85000, 
50.12135,   -80.00,    0.11707E-03,    0.28995E-04,    0.73065E-03,    0.87671E-03
   50.121,    -80.00000,  24.85000, 
50.13382,   -80.00,    0.11956E-03,    0.29307E-04,    0.73049E-03,    0.87936E-03
   50.134,    -80.00000,  24.85000, 
50.14753,   -80.00,    0.12261E-03,    0.29639E-04,    0.73064E-03,    0.88289E-03
   50.148,    -80.00000,  24.85000, 
50.16262,   -80.00,    0.12624E-03,    0.29990E-04,    0.73113E-03,    0.88736E-03
   50.163,    -80.00000,  24.85000, 
50.17921,   -80.00,    0.13047E-03,    0.30363E-04,    0.73200E-03,    0.89284E-03
   50.179,    -80.00000,  24.85000, 
50.19747,   -80.00,    0.13528E-03,    0.30758E-04,    0.73331E-03,    0.89935E-03
   50.197,    -80.00000,  24.85000, 
50.21755,   -80.00,    0.14060E-03,    0.31177E-04,    0.73510E-03,    0.90688E-03
   50.218,    -80.00000,  24.85000, 
50.23963,   -80.00,    0.14635E-03,    0.31618E-04,    0.73741E-03,    0.91537E-03
   50.240,    -80.00000,  24.85000, 
50.26393,   -80.00,    0.15238E-03,    0.32081E-04,    0.74031E-03,    0.92476E-03
   50.264,    -80.00000,  24.85000, 
50.29066,   -80.00,    0.15853E-03,    0.32563E-04,    0.74383E-03,    0.93492E-03
   50.291,    -80.00000,  24.85000, 
50.32006,   -80.00,    0.16467E-03,    0.33064E-04,    0.74800E-03,    0.94574E-03
   50.320,    -80.00000,  24.85000, 
50.35240,   -80.00,    0.17065E-03,    0.33576E-04,    0.75284E-03,    0.95707E-03
   50.352,    -80.00000,  24.85000, 
50.38797,   -80.00,    0.17636E-03,    0.34098E-04,    0.75831E-03,    0.96878E-03
   50.388,    -80.00000,  24.85000, 
50.42710,   -80.00,    0.18171E-03,    0.34622E-04,    0.76429E-03,    0.98062E-03
   50.427,    -80.00000,  24.85000, 
50.47014,   -80.00,    0.18661E-03,    0.35144E-04,    0.77051E-03,    0.99226E-03
   50.470,    -80.00000,  24.85000, 
50.51749,   -80.00,    0.19099E-03,    0.35656E-04,    0.77642E-03,    0.10031E-02
   50.517,    -80.00000,  24.85000, 
50.56957,   -80.00,    0.19476E-03,    0.36152E-04,    0.78095E-03,    0.10119E-02
   50.570,    -80.00000,  24.85000, 
50.62686,   -80.00,    0.19780E-03,    0.36623E-04,    0.78205E-03,    0.10165E-02
   50.627,    -80.00000,  24.85000, 
50.68988,   -80.00,    0.20000E-03,    0.37062E-04,    0.77647E-03,    0.10135E-02
   50.690,    -80.00000,  24.85000, 
50.75921,   -80.00,    0.20117E-03,    0.37456E-04,    0.76068E-03,    0.99931E-03
   50.759,    -80.00000,  24.85000, 
50.83546,   -80.00,    0.20110E-03,    0.37798E-04,    0.73413E-03,    0.97303E-03
   50.835,    -80.00000,  24.85000, 
50.91934,   -80.00,    0.19954E-03,    0.38083E-04,    0.70094E-03,    0.93857E-03
   50.919,    -80.00000,  24.85000, 
51.01161,   -80.00,    0.19620E-03,    0.38317E-04,    0.66747E-03,    0.90199E-03
   51.012,    -80.00000,  24.85000, 
51.11310,   -80.00,    0.19073E-03,    0.38511E-04,    0.63986E-03,    0.86910E-03
   51.113,    -80.00000,  24.85000, 
51.22474,   -80.00,    0.18278E-03,    0.38690E-04,    0.62542E-03,    0.84689E-03
   51.225,    -80.00000,  24.85000, 
51.34755,   -80.00,    0.17227E-03,    0.38885E-04,    0.63565E-03,    0.84680E-03
   51.348,    -80.00000,  24.85000, 
51.48264,   -80.00,    0.15972E-03,    0.39127E-04,    0.67774E-03,    0.87659E-03
   51.483,    -80.00000,  24.85000, 
51.63124,   -80.00,    0.14613E-03,    0.39370E-04,    0.72829E-03,    0.91379E-03
   51.631,    -80.00000,  24.85000, 
51.79469,   -80.00,    0.13251E-03,    0.39518E-04,    0.75468E-03,    0.92670E-03
   51.795,    -80.00000,  24.85000, 
51.97450,   -80.00,    0.11960E-03,    0.39539E-04,    0.75559E-03,    0.91472E-03
   51.974,    -80.00000,  24.85000, 
52.17228,   -80.00,    0.10783E-03,    0.39477E-04,    0.74326E-03,    0.89057E-03
   52.172,    -80.00000,  24.85000, 
52.38984,   -80.00,    0.97308E-04,    0.39390E-04,    0.72692E-03,    0.86362E-03
   52.390,    -80.00000,  24.85000, 
52.62916,   -80.00,    0.87936E-04,    0.39316E-04,    0.71107E-03,    0.83832E-03
   52.629,    -80.00000,  24.85000, 
52.89241,   -80.00,    0.79542E-04,    0.39263E-04,    0.69734E-03,    0.81615E-03
   52.892,    -80.00000,  24.85000, 
53.18198,   -80.00,    0.71964E-04,    0.39229E-04,    0.68613E-03,    0.79732E-03
   53.182,    -80.00000,  24.85000, 
53.50051,   -80.00,    0.65067E-04,    0.39205E-04,    0.67737E-03,    0.78164E-03
   53.501,    -80.00000,  24.85000, 
53.85090,   -80.00,    0.58752E-04,    0.39184E-04,    0.67083E-03,    0.76876E-03
   53.851,    -80.00000,  24.85000, 
54.23632,   -80.00,    0.52943E-04,    0.39160E-04,    0.66622E-03,    0.75833E-03
   54.236,    -80.00000,  24.85000, 
54.66028,   -80.00,    0.47584E-04,    0.39132E-04,    0.66323E-03,    0.74995E-03
   54.660,    -80.00000,  24.85000, 
55.00000,   -80.00,    0.43901E-04,    0.39107E-04,    0.66187E-03,    0.74488E-03
   55.000,    -80.00000,  24.85000, 
55.00000,    93.00,    0.30295E-03,    0.79078E-05,    0.77734E-03,    0.10882E-02
   55.000,     93.00000,  24.85000, 
55.00000,    93.00,    0.30295E-03,    0.79078E-05,    0.77734E-03,    0.10882E-02
   55.000,     93.00000,  24.85000, 
55.00033,    93.00,    0.23751E-03,    0.80597E-05,    0.77499E-03,    0.10206E-02
   55.000,     93.00000,  24.85000, 
55.00070,    93.00,    0.21301E-03,    0.82338E-05,    0.77363E-03,    0.99487E-03
   55.001,     93.00000,  24.85000, 
55.00110,    93.00,    0.19902E-03,    0.84074E-05,    0.77262E-03,    0.98005E-03
   55.001,     93.00000,  24.85000, 
55.00155,    93.00,    0.18946E-03,    0.85993E-05,    0.77178E-03,    0.96984E-03
   55.002,     93.00000,  24.85000, 
55.00204,    93.00,    0.18224E-03,    0.87995E-05,    0.77104E-03,    0.96209E-03
   55.002,     93.00000,  24.85000, 
55.00257,    93.00,    0.17650E-03,    0.90183E-05,    0.77039E-03,    0.95591E-03
   55.003,     93.00000,  24.85000, 
55.00316,    93.00,    0.17174E-03,    0.92475E-05,    0.76978E-03,    0.95077E-03
   55.003,     93.00000,  24.85000, 
55.00381,    93.00,    0.16772E-03,    0.94942E-05,    0.76922E-03,    0.94644E-03
   55.004,     93.00000,  24.85000, 
55.00453,    93.00,    0.16424E-03,    0.97505E-05,    0.76871E-03,    0.94269E-03
   55.005,     93.00000,  24.85000, 
55.00531,    93.00,    0.16120E-03,    0.10022E-04,    0.76823E-03,    0.93945E-03
   55.005,     93.00000,  24.85000, 
55.00618,    93.00,    0.15851E-03,    0.10301E-04,    0.76778E-03,    0.93660E-03
   55.006,     93.00000,  24.85000, 
55.00713,    93.00,    0.15614E-03,    0.10593E-04,    0.76738E-03,    0.93411E-03
   55.007,     93.00000,  24.85000, 
55.00817,    93.00,    0.15402E-03,    0.10890E-04,    0.76700E-03,    0.93191E-03
   55.008,     93.00000,  24.85000, 
55.00932,    93.00,    0.15213E-03,    0.11198E-04,    0.76667E-03,    0.93000E-03
   55.009,     93.00000,  24.85000, 
55.01059,    93.00,    0.15044E-03,    0.11510E-04,    0.76638E-03,    0.92833E-03
   55.011,     93.00000,  24.85000, 
55.01198,    93.00,    0.14895E-03,    0.11831E-04,    0.76613E-03,    0.92691E-03
   55.012,     93.00000,  24.85000, 
55.01351,    93.00,    0.14762E-03,    0.12155E-04,    0.76592E-03,    0.92569E-03
   55.014,     93.00000,  24.85000, 
55.01520,    93.00,    0.14646E-03,    0.12488E-04,    0.76576E-03,    0.92471E-03
   55.015,     93.00000,  24.85000, 
55.01705,    93.00,    0.14545E-03,    0.12823E-04,    0.76565E-03,    0.92393E-03
   55.017,     93.00000,  24.85000, 
55.01909,    93.00,    0.14460E-03,    0.13168E-04,    0.76559E-03,    0.92336E-03
   55.019,     93.00000,  24.85000, 
55.02133,    93.00,    0.14389E-03,    0.13516E-04,    0.76559E-03,    0.92299E-03
   55.021,     93.00000,  24.85000, 
55.02380,    93.00,    0.14332E-03,    0.13873E-04,    0.76565E-03,    0.92284E-03
   55.024,     93.00000,  24.85000, 
55.02651,    93.00,    0.14289E-03,    0.14235E-04,    0.76578E-03,    0.92290E-03
   55.027,     93.00000,  24.85000, 
55.02950,    93.00,    0.14260E-03,    0.14608E-04,    0.76597E-03,    0.92318E-03
   55.029,     93.00000,  24.85000, 
55.03278,    93.00,    0.14244E-03,    0.14987E-04,    0.76624E-03,    0.92367E-03
   55.033,     93.00000,  24.85000, 
55.03639,    93.00,    0.14244E-03,    0.15377E-04,    0.76659E-03,    0.92440E-03
   55.036,     93.00000,  24.85000, 
55.04037,    93.00,    0.14256E-03,    0.15775E-04,    0.76702E-03,    0.92536E-03
   55.040,     93.00000,  24.85000, 
55.04474,    93.00,    0.14284E-03,    0.16185E-04,    0.76754E-03,    0.92657E-03
   55.045,     93.00000,  24.85000, 
55.04954,    93.00,    0.14326E-03,    0.16602E-04,    0.76816E-03,    0.92802E-03
   55.050,     93.00000,  24.85000, 
55.05483,    93.00,    0.14383E-03,    0.17034E-04,    0.76889E-03,    0.92975E-03
   55.055,     93.00000,  24.85000, 
55.06065,    93.00,    0.14454E-03,    0.17475E-04,    0.76972E-03,    0.93173E-03
   55.061,     93.00000,  24.85000, 
55.06705,    93.00,    0.14541E-03,    0.17930E-04,    0.77066E-03,    0.93400E-03
   55.067,     93.00000,  24.85000, 
55.07408,    93.00,    0.14642E-03,    0.18396E-04,    0.77173E-03,    0.93654E-03
   55.074,     93.00000,  24.85000, 
55.08183,    93.00,    0.14759E-03,    0.18878E-04,    0.77293E-03,    0.93940E-03
   55.082,     93.00000,  24.85000, 
55.09034,    93.00,    0.14892E-03,    0.19373E-04,    0.77426E-03,    0.94255E-03
   55.090,     93.00000,  24.85000, 
55.09971,    93.00,    0.15040E-03,    0.19886E-04,    0.77574E-03,    0.94602E-03
   55.100,     93.00000,  24.85000, 
55.11001,    93.00,    0.15203E-03,    0.20413E-04,    0.77736E-03,    0.94981E-03
   55.110,     93.00000,  24.85000, 
55.12135,    93.00,    0.15383E-03,    0.20961E-04,    0.77915E-03,    0.95394E-03
   55.121,     93.00000,  24.85000, 
55.13382,    93.00,    0.15577E-03,    0.21525E-04,    0.78111E-03,    0.95840E-03
   55.134,     93.00000,  24.85000, 
55.14753,    93.00,    0.15788E-03,    0.22113E-04,    0.78324E-03,    0.96323E-03
   55.148,     93.00000,  24.85000, 
55.16262,    93.00,    0.16013E-03,    0.22721E-04,    0.78556E-03,    0.96841E-03
   55.163,     93.00000,  24.85000, 
55.17921,    93.00,    0.16254E-03,    0.23354E-04,    0.78806E-03,    0.97396E-03
   55.179,     93.00000,  24.85000, 
55.19747,    93.00,    0.16509E-03,    0.24008E-04,    0.79077E-03,    0.97987E-03
   55.197,     93.00000,  24.85000, 
55.21755,    93.00,    0.16779E-03,    0.24690E-04,    0.79368E-03,    0.98616E-03
   55.218,     93.00000,  24.85000, 
55.23963,    93.00,    0.17062E-03,    0.25395E-04,    0.79679E-03,    0.99281E-03
   55.240,     93.00000,  24.85000, 
55.26393,    93.00,    0.17358E-03,    0.26127E-04,    0.80012E-03,    0.99982E-03
   55.264,     93.00000,  24.85000, 
55.29066,    93.00,    0.17664E-03,    0.26881E-04,    0.80364E-03,    0.10072E-02
   55.291,     93.00000,  24.85000, 
55.32006,    93.00,    0.17980E-03,    0.27660E-04,    0.80737E-03,    0.10148E-02
   55.320,     93.00000,  24.85000, 
55.35240,    93.00,    0.18300E-03,    0.28456E-04,    0.81130E-03,    0.10228E-02
   55.352,     93.00000,  24.85000, 
55.38797,    93.00,    0.18623E-03,    0.29270E-04,    0.81543E-03,    0.10309E-02
   55.388,     93.00000,  24.85000, 
55.42710,    93.00,    0.18939E-03,    0.30093E-04,    0.81978E-03,    0.10393E-02
   55.427,     93.00000,  24.85000, 
55.47014,    93.00,    0.19238E-03,    0.30920E-04,    0.82436E-03,    0.10477E-02
   55.470,     93.00000,  24.85000, 
55.51749,    93.00,    0.19495E-03,    0.31741E-04,    0.82921E-03,    0.10559E-02
   55.517,     93.00000,  24.85000, 
55.56957,    93.00,    0.19657E-03,    0.32548E-04,    0.83435E-03,    0.10635E-02
   55.570,     93.00000,  24.85000, 
55.62686,    93.00,    0.19588E-03,    0.33326E-04,    0.83957E-03,    0.10688E-02
   55.627,     93.00000,  24.85000, 
55.68988,    93.00,    0.19034E-03,    0.34063E-04,    0.84363E-03,    0.10680E-02
   55.690,     93.00000,  24.85000, 
55.75921,    93.00,    0.17812E-03,    0.34733E-04,    0.84142E-03,    0.10543E-02
   55.759,     93.00000,  24.85000, 
55.83546,    93.00,    0.16172E-03,    0.35315E-04,    0.82156E-03,    0.10186E-02
   55.835,     93.00000,  24.85000, 
55.91934,    93.00,    0.14539E-03,    0.35782E-04,    0.78148E-03,    0.96265E-03
   55.919,     93.00000,  24.85000, 
56.01161,    93.00,    0.13117E-03,    0.36143E-04,    0.73836E-03,    0.90567E-03
   56.012,     93.00000,  24.85000, 
56.11310,    93.00,    0.11932E-03,    0.36428E-04,    0.71008E-03,    0.86582E-03
   56.113,     93.00000,  24.85000, 
56.22474,    93.00,    0.10967E-03,    0.36700E-04,    0.71366E-03,    0.86003E-03
   56.225,     93.00000,  24.85000, 
56.34755,    93.00,    0.10226E-03,    0.37040E-04,    0.76498E-03,    0.90428E-03
   56.348,     93.00000,  24.85000, 
56.48264,    93.00,    0.97660E-04,    0.37468E-04,    0.82434E-03,    0.95947E-03
   56.483,     93.00000,  24.85000, 
56.63124,    93.00,    0.97043E-04,    0.37840E-04,    0.82969E-03,    0.96457E-03
   56.631,     93.00000,  24.85000, 
56.79469,    93.00,    0.10255E-03,    0.38064E-04,    0.78974E-03,    0.93036E-03
   56.795,     93.00000,  24.85000, 
56.97450,    93.00,    0.11739E-03,    0.38211E-04,    0.73664E-03,    0.89225E-03
   56.974,     93.00000,  24.85000, 
57.17228,    93.00,    0.13638E-03,    0.38361E-04,    0.68775E-03,    0.86249E-03
   57.172,     93.00000,  24.85000, 
57.38984,    93.00,    0.15239E-03,    0.38498E-04,    0.65070E-03,    0.84159E-03
   57.390,     93.00000,  24.85000, 
57.62916,    93.00,    0.17369E-03,    0.38629E-04,    0.63251E-03,    0.84484E-03
   57.629,     93.00000,  24.85000, 
57.89241,    93.00,    0.16122E-03,    0.38749E-04,    0.64341E-03,    0.84337E-03
   57.892,     93.00000,  24.85000, 
58.18198,    93.00,    0.13156E-03,    0.38836E-04,    0.69111E-03,    0.86151E-03
   58.182,     93.00000,  24.85000, 
58.50051,    93.00,    0.11017E-03,    0.38909E-04,    0.75900E-03,    0.90808E-03
   58.501,     93.00000,  24.85000, 
58.85090,    93.00,    0.94896E-04,    0.38924E-04,    0.79605E-03,    0.92987E-03
   58.851,     93.00000,  24.85000, 
59.23632,    93.00,    0.83065E-04,    0.38858E-04,    0.78958E-03,    0.91151E-03
   59.236,     93.00000,  24.85000, 
59.66028,    93.00,    0.73438E-04,    0.38778E-04,    0.76427E-03,    0.87648E-03
   59.660,     93.00000,  24.85000, 
60.00000,    93.00,    0.67417E-04,    0.38748E-04,    0.74478E-03,    0.85094E-03
   60.000,     93.00000,  24.85000, 
   60.000,      0.00000,  24.85000, 
   60.000,      0.00000,  24.85000, 
   60.000,      0.00000,  24.85000, 
   60.001,      0.00000,  24.85000, 
   60.001,      0.00000,  24.85000, 
   60.002,      0.00000,  24.85000, 
   60.002,      0.00000,  24.85000, 
   60.003,      0.00000,  24.85000, 
   60.003,      0.00000,  24.85000, 
   60.004,      0.00000,  24.85000, 
   60.005,      0.00000,  24.85000, 
   60.005,      0.00000,  24.85000, 
   60.006,      0.00000,  24.85000, 
   60.007,      0.00000,  24.85000, 
   60.008,      0.00000,  24.85000, 
   60.009,      0.00000,  24.85000, 
   60.011,      0.00000,  24.85000, 
   60.012,      0.00000,  24.85000, 
   60.014,      0.00000,  24.85000, 
   60.015,      0.00000,  24.85000, 
   60.017,      0.00000,  24.85000, 
   60.019,      0.00000,  24.85000, 
   60.021,      0.00000,  24.85000, 
   60.024,      0.00000,  24.85000, 
   60.027,      0.00000,  24.85000, 
   60.029,      0.00000,  24.85000, 
   60.033,      0.00000,  24.85000, 
   60.036,      0.00000,  24.85000, 
   60.040,      0.00000,  24.85000, 
   60.045,      0.00000,  24.85000, 
   60.050,      0.00000,  24.85000, 
   60.055,      0.00000,  24.85000, 
   60.061,      0.00000,  24.85000, 
   60.067,      0.00000,  24.85000, 
   60.074,      0.00000,  24.85000, 
   60.082,      0.00000,  24.85000, 
   60.090,      0.00000,  24.85000, 
   60.100,      0.00000,  24.85000, 
   60.110,      0.00000,  24.85000, 
   60.121,      0.00000,  24.85000, 
   60.134,      0.00000,  24.85000, 
   60.148,      0.00000,  24.85000, 
   60.163,      0.00000,  24.85000, 
   60.179,      0.00000,  24.85000, 
   60.197,      0.00000,  24.85000, 
   60.218,      0.00000,  24.85000, 
   60.240,      0.00000,  24.85000, 
   60.264,      0.00000,  24.85000, 
   60.291,      0.00000,  24.85000, 
   60.320,      0.00000,  24.85000, 
   60.352,      0.00000,  24.85000, 
   60.388,      0.00000,  24.85000, 
   60.427,      0.00000,  24.85000, 
   60.470,      0.00000,  24.85000, 
   60.517,      0.00000,  24.85000, 
   60.570,      0.00000,  24.85000, 
   60.627,      0.00000,  24.85000, 
   60.690,      0.00000,  24.85000, 
   60.759,      0.00000,  24.85000, 
   60.835,      0.00000,  24.85000, 
   60.919,      0.00000,  24.85000, 
   61.012,      0.00000,  24.85000, 
   61.113,      0.00000,  24.85000, 
   61.225,      0.00000,  24.85000, 
   61.348,      0.00000,  24.85000, 
   61.483,      0.00000,  24.85000, 
   61.631,      0.00000,  24.85000, 
   61.795,      0.00000,  24.85000, 
   61.974,      0.00000,  24.85000, 
   62.172,      0.00000,  24.85000, 
   62.390,      0.00000,  24.85000, 
   62.629,      0.00000,  24.85000, 
   62.892,      0.00000,  24.85000, 
   63.182,      0.00000,  24.85000, 
   63.501,      0.00000,  24.85000, 
   63.851,      0.00000,  24.85000, 
   64.236,      0.00000,  24.85000, 
   64.660,      0.00000,  24.85000, 
   65.000,      0.00000,  24.85000, 
65.00000,   123.00,    0.16840E-03,    0.22105E-04,    0.68469E-03,    0.87519E-03
   65.000,    123.00000,  24.85000, 
65.00000,   123.00,    0.16840E-03,    0.22105E-04,    0.68469E-03,    0.87519E-03
   65.000,    123.00000,  24.85000, 
65.00033,   123.00,    0.16741E-03,    0.22190E-04,    0.68485E-03,    0.87445E-03
   65.000,    123.00000,  24.85000, 
65.00070,   123.00,    0.16689E-03,    0.22294E-04,    0.68504E-03,    0.87423E-03
   65.001,    123.00000,  24.85000, 
65.00110,   123.00,    0.16652E-03,    0.22403E-04,    0.68524E-03,    0.87417E-03
   65.001,    123.00000,  24.85000, 
65.00155,   123.00,    0.16623E-03,    0.22527E-04,    0.68547E-03,    0.87422E-03
   65.002,    123.00000,  24.85000, 
65.00204,   123.00,    0.16598E-03,    0.22658E-04,    0.68570E-03,    0.87434E-03
   65.002,    123.00000,  24.85000, 
65.00257,   123.00,    0.16577E-03,    0.22802E-04,    0.68596E-03,    0.87453E-03
   65.003,    123.00000,  24.85000, 
65.00316,   123.00,    0.16558E-03,    0.22955E-04,    0.68624E-03,    0.87477E-03
   65.003,    123.00000,  24.85000, 
65.00381,   123.00,    0.16541E-03,    0.23120E-04,    0.68653E-03,    0.87506E-03
   65.004,    123.00000,  24.85000, 
65.00453,   123.00,    0.16526E-03,    0.23292E-04,    0.68685E-03,    0.87540E-03
   65.005,    123.00000,  24.85000, 
65.00531,   123.00,    0.16513E-03,    0.23476E-04,    0.68720E-03,    0.87581E-03
   65.005,    123.00000,  24.85000, 
65.00618,   123.00,    0.16502E-03,    0.23665E-04,    0.68757E-03,    0.87625E-03
   65.006,    123.00000,  24.85000, 
65.00713,   123.00,    0.16493E-03,    0.23863E-04,    0.68798E-03,    0.87677E-03
   65.007,    123.00000,  24.85000, 
65.00817,   123.00,    0.16485E-03,    0.24064E-04,    0.68841E-03,    0.87733E-03
   65.008,    123.00000,  24.85000, 
65.00932,   123.00,    0.16481E-03,    0.24272E-04,    0.68888E-03,    0.87796E-03
   65.009,    123.00000,  24.85000, 
65.01059,   123.00,    0.16479E-03,    0.24481E-04,    0.68939E-03,    0.87866E-03
   65.011,    123.00000,  24.85000, 
65.01198,   123.00,    0.16480E-03,    0.24694E-04,    0.68993E-03,    0.87943E-03
   65.012,    123.00000,  24.85000, 
65.01351,   123.00,    0.16485E-03,    0.24908E-04,    0.69051E-03,    0.88026E-03
   65.014,    123.00000,  24.85000, 
65.01520,   123.00,    0.16493E-03,    0.25125E-04,    0.69113E-03,    0.88119E-03
   65.015,    123.00000,  24.85000, 
65.01705,   123.00,    0.16506E-03,    0.25341E-04,    0.69179E-03,    0.88219E-03
   65.017,    123.00000,  24.85000, 
65.01909,   123.00,    0.16524E-03,    0.25560E-04,    0.69250E-03,    0.88330E-03
   65.019,    123.00000,  24.85000, 
65.02133,   123.00,    0.16548E-03,    0.25778E-04,    0.69324E-03,    0.88451E-03
   65.021,    123.00000,  24.85000, 
65.02380,   123.00,    0.16580E-03,    0.25999E-04,    0.69403E-03,    0.88583E-03
   65.024,    123.00000,  24.85000, 
65.02651,   123.00,    0.16619E-03,    0.26220E-04,    0.69486E-03,    0.88727E-03
   65.027,    123.00000,  24.85000, 
65.02950,   123.00,    0.16668E-03,    0.26444E-04,    0.69573E-03,    0.88885E-03
   65.029,    123.00000,  24.85000, 
65.03278,   123.00,    0.16727E-03,    0.26668E-04,    0.69664E-03,    0.89058E-03
   65.033,    123.00000,  24.85000, 
65.03639,   123.00,    0.16798E-03,    0.26896E-04,    0.69759E-03,    0.89247E-03
   65.036,    123.00000,  24.85000, 
65.04037,   123.00,    0.16883E-03,    0.27125E-04,    0.69857E-03,    0.89452E-03
   65.040,    123.00000,  24.85000, 
65.04474,   123.00,    0.16982E-03,    0.27359E-04,    0.69958E-03,    0.89676E-03
   65.045,    123.00000,  24.85000, 
65.04954,   123.00,    0.17096E-03,    0.27595E-04,    0.70063E-03,    0.89918E-03
   65.050,    123.00000,  24.85000, 
65.05483,   123.00,    0.17225E-03,    0.27836E-04,    0.70170E-03,    0.90179E-03
   65.055,    123.00000,  24.85000, 
65.06065,   123.00,    0.17365E-03,    0.28080E-04,    0.70279E-03,    0.90452E-03
   65.061,    123.00000,  24.85000, 
65.06705,   123.00,    0.17510E-03,    0.28331E-04,    0.70389E-03,    0.90733E-03
   65.067,    123.00000,  24.85000, 
65.07408,   123.00,    0.17648E-03,    0.28585E-04,    0.70501E-03,    0.91008E-03
   65.074,    123.00000,  24.85000, 
65.08183,   123.00,    0.17759E-03,    0.28846E-04,    0.70614E-03,    0.91258E-03
   65.082,    123.00000,  24.85000, 
65.09034,   123.00,    0.17816E-03,    0.29111E-04,    0.70727E-03,    0.91454E-03
   65.090,    123.00000,  24.85000, 
65.09971,   123.00,    0.17787E-03,    0.29383E-04,    0.70841E-03,    0.91566E-03
   65.100,    123.00000,  24.85000, 
65.11001,   123.00,    0.17642E-03,    0.29658E-04,    0.70953E-03,    0.91561E-03
   65.110,    123.00000,  24.85000, 
65.12135,   123.00,    0.17360E-03,    0.29940E-04,    0.71064E-03,    0.91418E-03
   65.121,    123.00000,  24.85000, 
65.13382,   123.00,    0.16939E-03,    0.30224E-04,    0.71174E-03,    0.91136E-03
   65.134,    123.00000,  24.85000, 
65.14753,   123.00,    0.16400E-03,    0.30513E-04,    0.71282E-03,    0.90733E-03
   65.148,    123.00000,  24.85000, 
65.16262,   123.00,    0.15772E-03,    0.30805E-04,    0.71388E-03,    0.90240E-03
   65.163,    123.00000,  24.85000, 
65.17921,   123.00,    0.15092E-03,    0.31104E-04,    0.71492E-03,    0.89694E-03
   65.179,    123.00000,  24.85000, 
65.19747,   123.00,    0.14390E-03,    0.31408E-04,    0.71593E-03,    0.89125E-03
   65.197,    123.00000,  24.85000, 
65.21755,   123.00,    0.13693E-03,    0.31721E-04,    0.71693E-03,    0.88558E-03
   65.218,    123.00000,  24.85000, 
65.23963,   123.00,    0.13015E-03,    0.32041E-04,    0.71790E-03,    0.88009E-03
   65.240,    123.00000,  24.85000, 
65.26393,   123.00,    0.12366E-03,    0.32372E-04,    0.71886E-03,    0.87489E-03
   65.264,    123.00000,  24.85000, 
65.29066,   123.00,    0.11750E-03,    0.32712E-04,    0.71981E-03,    0.87002E-03
   65.291,    123.00000,  24.85000, 
65.32006,   123.00,    0.11170E-03,    0.33064E-04,    0.72075E-03,    0.86552E-03
   65.320,    123.00000,  24.85000, 
65.35240,   123.00,    0.10625E-03,    0.33423E-04,    0.72170E-03,    0.86137E-03
   65.352,    123.00000,  24.85000, 
65.38797,   123.00,    0.10113E-03,    0.33793E-04,    0.72265E-03,    0.85758E-03
   65.388,    123.00000,  24.85000, 
65.42710,   123.00,    0.96325E-04,    0.34167E-04,    0.72364E-03,    0.85413E-03
   65.427,    123.00000,  24.85000, 
65.47014,   123.00,    0.91813E-04,    0.34548E-04,    0.72466E-03,    0.85102E-03
   65.470,    123.00000,  24.85000, 
65.51749,   123.00,    0.87568E-04,    0.34929E-04,    0.72575E-03,    0.84825E-03
   65.517,    123.00000,  24.85000, 
65.56957,   123.00,    0.83573E-04,    0.35312E-04,    0.72692E-03,    0.84581E-03
   65.570,    123.00000,  24.85000, 
65.62686,   123.00,    0.79804E-04,    0.35689E-04,    0.72822E-03,    0.84372E-03
   65.627,    123.00000,  24.85000, 
65.68988,   123.00,    0.76247E-04,    0.36062E-04,    0.72969E-03,    0.84200E-03
   65.690,    123.00000,  24.85000, 
65.75921,   123.00,    0.72885E-04,    0.36426E-04,    0.73138E-03,    0.84069E-03
   65.759,    123.00000,  24.85000, 
65.83546,   123.00,    0.69708E-04,    0.36781E-04,    0.73335E-03,    0.83984E-03
   65.835,    123.00000,  24.85000, 
65.91934,   123.00,    0.66703E-04,    0.37122E-04,    0.73568E-03,    0.83950E-03
   65.919,    123.00000,  24.85000, 
66.01161,   123.00,    0.63864E-04,    0.37453E-04,    0.73845E-03,    0.83977E-03
   66.012,    123.00000,  24.85000, 
66.11310,   123.00,    0.61180E-04,    0.37768E-04,    0.74177E-03,    0.84071E-03
   66.113,    123.00000,  24.85000, 
66.22474,   123.00,    0.58645E-04,    0.38071E-04,    0.74574E-03,    0.84245E-03
   66.225,    123.00000,  24.85000, 
66.34755,   123.00,    0.56247E-04,    0.38359E-04,    0.75048E-03,    0.84509E-03
   66.348,    123.00000,  24.85000, 
66.48264,   123.00,    0.53977E-04,    0.38636E-04,    0.75614E-03,    0.84875E-03
   66.483,    123.00000,  24.85000, 
66.63124,   123.00,    0.51817E-04,    0.38901E-04,    0.76286E-03,    0.85358E-03
   66.631,    123.00000,  24.85000, 
66.79469,   123.00,    0.49754E-04,    0.39159E-04,    0.77080E-03,    0.85971E-03
   66.795,    123.00000,  24.85000, 
66.97450,   123.00,    0.47801E-04,    0.39408E-04,    0.78014E-03,    0.86735E-03
   66.974,    123.00000,  24.85000, 
67.17228,   123.00,    0.46141E-04,    0.39660E-04,    0.79104E-03,    0.87685E-03
   67.172,    123.00000,  24.85000, 
67.38984,   123.00,    0.45363E-04,    0.39926E-04,    0.80359E-03,    0.88888E-03
   67.390,    123.00000,  24.85000, 
67.62916,   123.00,    0.46093E-04,    0.40199E-04,    0.81767E-03,    0.90396E-03
   67.629,    123.00000,  24.85000, 
67.89241,   123.00,    0.52230E-04,    0.40424E-04,    0.83297E-03,    0.92563E-03
   67.892,    123.00000,  24.85000, 
68.18198,   123.00,    0.74209E-04,    0.40612E-04,    0.84920E-03,    0.96403E-03
   68.182,    123.00000,  24.85000, 
68.47155,   123.00,    0.65418E-04,    0.40654E-04,    0.86467E-03,    0.97075E-03
   68.472,    123.00000,  24.85000, 
68.76113,   123.00,    0.53490E-04,    0.40564E-04,    0.87993E-03,    0.97398E-03
   68.761,    123.00000,  24.85000, 
69.05070,   123.00,    0.45945E-04,    0.40440E-04,    0.89596E-03,    0.98235E-03
   69.051,    123.00000,  24.85000, 
69.34027,   123.00,    0.40738E-04,    0.40333E-04,    0.91340E-03,    0.99447E-03
   69.340,    123.00000,  24.85000, 
69.62985,   123.00,    0.36686E-04,    0.40251E-04,    0.93247E-03,    0.10094E-02
   69.630,    123.00000,  24.85000, 
69.91942,   123.00,    0.33320E-04,    0.40214E-04,    0.95336E-03,    0.10269E-02
   69.919,    123.00000,  24.85000, 
70.00000,   123.00,    0.32497E-04,    0.40212E-04,    0.95952E-03,    0.10322E-02
   70.000,    123.00000,  24.85000, 
   70.000,      0.00000,  24.85000, 
   70.000,      0.00000,  24.85000, 
   70.000,      0.00000,  24.85000, 
   70.001,      0.00000,  24.85000, 
   70.001,      0.00000,  24.85000, 
   70.002,      0.00000,  24.85000, 
   70.002,      0.00000,  24.85000, 
   70.003,      0.00000,  24.85000, 
   70.003,      0.00000,  24.85000, 
   70.004,      0.00000,  24.85000, 
   70.005,      0.00000,  24.85000, 
   70.005,      0.00000,  24.85000, 
   70.006,      0.00000,  24.85000, 
   70.007,      0.00000,  24.85000, 
   70.008,      0.00000,  24.85000, 
   70.009,      0.00000,  24.85000, 
   70.011,      0.00000,  24.85000, 
   70.012,      0.00000,  24.85000, 
   70.014,      0.00000,  24.85000, 
   70.015,      0.00000,  24.85000, 
   70.017,      0.00000,  24.85000, 
   70.019,      0.00000,  24.85000, 
   70.021,      0.00000,  24.85000, 
   70.024,      0.00000,  24.85000, 
   70.027,      0.00000,  24.85000, 
   70.029,      0.00000,  24.85000, 
   70.033,      0.00000,  24.85000, 
   70.036,      0.00000,  24.85000, 
   70.040,      0.00000,  24.85000, 
   70.045,      0.00000,  24.85000, 
   70.050,      0.00000,  24.85000, 
   70.055,      0.00000,  24.85000, 
   70.061,      0.00000,  24.85000, 
   70.067,      0.00000,  24.85000, 
   70.074,      0.00000,  24.85000, 
   70.082,      0.00000,  24.85000, 
   70.090,      0.00000,  24.85000, 
   70.100,      0.00000,  24.85000, 
   70.110,      0.00000,  24.85000, 
   70.121,      0.00000,  24.85000, 
   70.134,      0.00000,  24.85000, 
   70.148,      0.00000,  24.85000, 
   70.163,      0.00000,  24.85000, 
   70.179,      0.00000,  24.85000, 
   70.197,      0.00000,  24.85000, 
   70.218,      0.00000,  24.85000, 
   70.240,      0.00000,  24.85000, 
   70.264,      0.00000,  24.85000, 
   70.291,      0.00000,  24.85000, 
   70.320,      0.00000,  24.85000, 
   70.352,      0.00000,  24.85000, 
   70.388,      0.00000,  24.85000, 
   70.427,      0.00000,  24.85000, 
   70.470,      0.00000,  24.85000, 
   70.517,      0.00000,  24.85000, 
   70.570,      0.00000,  24.85000, 
   70.627,      0.00000,  24.85000, 
   70.690,      0.00000,  24.85000, 
   70.759,      0.00000,  24.85000, 
   70.835,      0.00000,  24.85000, 
   70.919,      0.00000,  24.85000, 
   71.012,      0.00000,  24.85000, 
   71.113,      0.00000,  24.85000, 
   71.225,      0.00000,  24.85000, 
   71.348,      0.00000,  24.85000, 
   71.483,      0.00000,  24.85000, 
   71.631,      0.00000,  24.85000, 
   71.795,      0.00000,  24.85000, 
   71.974,      0.00000,  24.85000, 
   72.172,      0.00000,  24.85000, 
   72.390,      0.00000,  24.85000, 
   72.629,      0.00000,  24.85000, 
   72.892,      0.00000,  24.85000, 
   73.182,      0.00000,  24.85000, 
   73.501,      0.00000,  24.85000, 
   73.851,      0.00000,  24.85000, 
   74.236,      0.00000,  24.85000, 
   74.660,      0.00000,  24.85000, 
   75.000,      0.00000,  24.85000, 
